#
# A fatal error has been detected by the Java Runtime Environment:
#
#  EXCEPTION_ACCESS_VIOLATION (0xc0000005) at pc=0x00000000, pid=7528, tid=7992
#
# JRE version: Java(TM) SE Runtime Environment (8.0_91-b15) (build 1.8.0_91-b15)
# Java VM: Java HotSpot(TM) Client VM (25.91-b15 mixed mode windows-x86 )
# Problematic frame:
# C  0x00000000
#
# Failed to write core dump. Minidumps are not enabled by default on client versions of Windows
#
# If you would like to submit a bug report, please visit:
#   http://bugreport.java.com/bugreport/crash.jsp
# The crash happened outside the Java Virtual Machine in native code.
# See problematic frame for where to report the bug.
#

---------------  T H R E A D  ---------------

Current thread (0x15ea1800):  JavaThread "Thread-4" [_thread_in_native, id=7992, stack(0x17700000,0x17750000)]

siginfo: ExceptionCode=0xc0000005, ExceptionInformation=0x00000008 0x00000000

Registers:
EAX=0x19e470a0, EBX=0x00000000, ECX=0x16a4ef60, EDX=0x1774eb00
ESP=0x1774eadc, EBP=0x1774eb18, ESI=0x16a4ef60, EDI=0x1774eb3c
EIP=0x00000000, EFLAGS=0x00010246

Top of Stack: (sp=0x1774eadc)
0x1774eadc:   16eac5f7 1774eb40 1774eb3c 1774eb00
0x1774eaec:   19c16eb8 00000000 15ea1800 19e1a008
0x1774eafc:   19e1a0cb 00000000 00000028 00000000
0x1774eb0c:   00000000 000002d4 19c16eb8 00000000
0x1774eb1c:   16e9d0c0 1774eb40 0174eb3c 00000000
0x1774eb2c:   19e1a008 16e9d5a7 000000cb 1774eb40
0x1774eb3c:   00000002 00000001 00000000 00000001
0x1774eb4c:   1774eb6c 02a9ad50 1774eb9c 5caff02e 

Instructions: (pc=0x00000000)
0xffffffe0:   


Register to memory mapping:

EAX=0x19e470a0 is an unknown value
EBX=0x00000000 is an unknown value
ECX=0x16a4ef60 is an unknown value
EDX=0x1774eb00 is pointing into the stack for thread: 0x15ea1800
ESP=0x1774eadc is pointing into the stack for thread: 0x15ea1800
EBP=0x1774eb18 is pointing into the stack for thread: 0x15ea1800
ESI=0x16a4ef60 is an unknown value
EDI=0x1774eb3c is pointing into the stack for thread: 0x15ea1800


Stack: [0x17700000,0x17750000],  sp=0x1774eadc,  free space=314k
Java frames: (J=compiled Java code, j=interpreted, Vv=VM code)
j  com.sun.jna.Function.invokeInt(I[Ljava/lang/Object;)I+0
j  com.sun.jna.Function.invoke([Ljava/lang/Object;Ljava/lang/Class;)Ljava/lang/Object;+309
j  com.sun.jna.Function.invoke(Ljava/lang/Class;[Ljava/lang/Object;Ljava/util/Map;)Ljava/lang/Object;+194
j  com.sun.jna.Library$Handler.invoke(Ljava/lang/Object;Ljava/lang/reflect/Method;[Ljava/lang/Object;)Ljava/lang/Object;+344
j  com.sun.proxy.$Proxy0.UFS_CaptureSingleImage(Lcom/sun/jna/Pointer;)I+16
j  GUI.Checador$6.run()V+65
j  java.lang.Thread.run()V+11
v  ~StubRoutines::call_stub

---------------  P R O C E S S  ---------------

Java Threads: ( => current thread )
  0x15f85800 JavaThread "Thread-0" daemon [_thread_in_native, id=7156, stack(0x15cd0000,0x15d20000)]
  0x16038800 JavaThread "TimerQueue" daemon [_thread_blocked, id=5692, stack(0x17590000,0x175e0000)]
=>0x15ea1800 JavaThread "Thread-4" [_thread_in_native, id=7992, stack(0x17700000,0x17750000)]
  0x16021000 JavaThread "Thread-2" [_thread_blocked, id=5612, stack(0x16d20000,0x16d70000)]
  0x0039c400 JavaThread "DestroyJavaVM" [_thread_blocked, id=4264, stack(0x01010000,0x01060000)]
  0x012edc00 JavaThread "AWT-EventQueue-0" [_thread_blocked, id=4172, stack(0x16510000,0x16560000)]
  0x012dc800 JavaThread "AWT-Shutdown" [_thread_blocked, id=1928, stack(0x157d0000,0x15820000)]
  0x012d9c00 JavaThread "Java2D Disposer" daemon [_thread_blocked, id=3036, stack(0x15730000,0x15780000)]
  0x0115e000 JavaThread "Service Thread" daemon [_thread_blocked, id=4940, stack(0x15460000,0x154b0000)]
  0x0115b800 JavaThread "C1 CompilerThread0" daemon [_thread_blocked, id=2036, stack(0x151a0000,0x151f0000)]
  0x0115a400 JavaThread "Attach Listener" daemon [_thread_blocked, id=1068, stack(0x153b0000,0x15400000)]
  0x01157400 JavaThread "Signal Dispatcher" daemon [_thread_blocked, id=5396, stack(0x04ac0000,0x04b10000)]
  0x01136c00 JavaThread "Finalizer" daemon [_thread_blocked, id=6660, stack(0x15250000,0x152a0000)]
  0x01112000 JavaThread "Reference Handler" daemon [_thread_blocked, id=3968, stack(0x150a0000,0x150f0000)]

Other Threads:
  0x0110b400 VMThread [stack: 0x15100000,0x15150000] [id=6628]
  0x01161000 WatcherThread [stack: 0x154b0000,0x15500000] [id=6972]

VM state:not at safepoint (normal execution)

VM Mutex/Monitor currently owned by a thread: None

Heap:
 def new generation   total 5184K, used 3804K [0x04c00000, 0x051a0000, 0x0a150000)
  eden space 4608K,  79% used [0x04c00000, 0x04f8edf8, 0x05080000)
  from space 576K,  27% used [0x05080000, 0x050a8440, 0x05110000)
  to   space 576K,   0% used [0x05110000, 0x05110000, 0x051a0000)
 tenured generation   total 21160K, used 20593K [0x0a150000, 0x0b5fa000, 0x14c00000)
   the space 21160K,  97% used [0x0a150000, 0x0b56c448, 0x0b56c600, 0x0b5fa000)
 Metaspace       used 9249K, capacity 9462K, committed 9600K, reserved 9600K

Card table byte_map: [0x00f60000,0x00ff0000] byte_map_base: 0x00f3a000

Polling page: 0x00150000

CodeCache: size=32768Kb used=1227Kb max_used=1227Kb free=31540Kb
 bounds [0x02a90000, 0x02bc8000, 0x04a90000]
 total_blobs=634 nmethods=391 adapters=174
 compilation: enabled

Compilation events (10 events):
Event: 25.612 Thread 0x0115b800  393  s          java.awt.KeyboardFocusManager::getCurrentKeyboardFocusManager (32 bytes)
Event: 25.613 Thread 0x0115b800 nmethod 393 0x02bbe5c8 code [0x02bbe6f0, 0x02bbe984]
Event: 25.620 Thread 0x0115b800  394             java.awt.KeyboardFocusManager::getCurrentKeyboardFocusManager (7 bytes)
Event: 25.621 Thread 0x0115b800 nmethod 394 0x02bbeac8 code [0x02bbec00, 0x02bbeee0]
Event: 25.668 Thread 0x0115b800  395   !         sun.awt.PostEventQueue::flush (168 bytes)
Event: 25.669 Thread 0x0115b800 nmethod 395 0x02bbf148 code [0x02bbf2e0, 0x02bbfa84]
Event: 25.954 Thread 0x0115b800  396             javax.swing.plaf.synth.Region::getUItoRegionMap (578 bytes)
Event: 25.958 Thread 0x0115b800 nmethod 396 0x02bc0108 code [0x02bc0770, 0x02bc17ac]
Event: 25.958 Thread 0x0115b800  397             javax.swing.plaf.synth.Region::getRegion (16 bytes)
Event: 25.958 Thread 0x0115b800 nmethod 397 0x02bc2d48 code [0x02bc2e60, 0x02bc2f44]

GC Heap History (10 events):
Event: 0.311 GC heap before
{Heap before GC invocations=2 (full 0):
 def new generation   total 4928K, used 4707K [0x04c00000, 0x05150000, 0x0a150000)
  eden space 4416K,  99% used [0x04c00000, 0x0504f460, 0x05050000)
  from space 512K,  57% used [0x05050000, 0x05099988, 0x050d0000)
  to   space 512K,   0% used [0x050d0000, 0x050d0000, 0x05150000)
 tenured generation   total 10944K, used 1511K [0x0a150000, 0x0ac00000, 0x14c00000)
   the space 10944K,  13% used [0x0a150000, 0x0a2c9ec0, 0x0a2ca000, 0x0ac00000)
 Metaspace       used 6826K, capacity 7014K, committed 7040K, reserved 7552K
Event: 0.314 GC heap after
Heap after GC invocations=3 (full 0):
 def new generation   total 4928K, used 0K [0x04c00000, 0x05150000, 0x0a150000)
  eden space 4416K,   0% used [0x04c00000, 0x04c00000, 0x05050000)
  from space 512K,   0% used [0x050d0000, 0x050d0128, 0x05150000)
  to   space 512K,   0% used [0x05050000, 0x05050000, 0x050d0000)
 tenured generation   total 10944K, used 5946K [0x0a150000, 0x0ac00000, 0x14c00000)
   the space 10944K,  54% used [0x0a150000, 0x0a71eb48, 0x0a71ec00, 0x0ac00000)
 Metaspace       used 6826K, capacity 7014K, committed 7040K, reserved 7552K
}
Event: 0.385 GC heap before
{Heap before GC invocations=3 (full 0):
 def new generation   total 4928K, used 4416K [0x04c00000, 0x05150000, 0x0a150000)
  eden space 4416K, 100% used [0x04c00000, 0x05050000, 0x05050000)
  from space 512K,   0% used [0x050d0000, 0x050d0128, 0x05150000)
  to   space 512K,   0% used [0x05050000, 0x05050000, 0x050d0000)
 tenured generation   total 10944K, used 5946K [0x0a150000, 0x0ac00000, 0x14c00000)
   the space 10944K,  54% used [0x0a150000, 0x0a71eb48, 0x0a71ec00, 0x0ac00000)
 Metaspace       used 7417K, capacity 7595K, committed 7680K, reserved 8576K
Event: 0.387 GC heap after
Heap after GC invocations=4 (full 0):
 def new generation   total 4928K, used 161K [0x04c00000, 0x05150000, 0x0a150000)
  eden space 4416K,   0% used [0x04c00000, 0x04c00000, 0x05050000)
  from space 512K,  31% used [0x05050000, 0x05078680, 0x050d0000)
  to   space 512K,   0% used [0x050d0000, 0x050d0000, 0x05150000)
 tenured generation   total 10944K, used 5946K [0x0a150000, 0x0ac00000, 0x14c00000)
   the space 10944K,  54% used [0x0a150000, 0x0a71eb48, 0x0a71ec00, 0x0ac00000)
 Metaspace       used 7417K, capacity 7595K, committed 7680K, reserved 8576K
}
Event: 0.481 GC heap before
{Heap before GC invocations=4 (full 0):
 def new generation   total 4928K, used 2728K [0x04c00000, 0x05150000, 0x0a150000)
  eden space 4416K,  58% used [0x04c00000, 0x04e81bf8, 0x05050000)
  from space 512K,  31% used [0x05050000, 0x05078680, 0x050d0000)
  to   space 512K,   0% used [0x050d0000, 0x050d0000, 0x05150000)
 tenured generation   total 10944K, used 5946K [0x0a150000, 0x0ac00000, 0x14c00000)
   the space 10944K,  54% used [0x0a150000, 0x0a71eb48, 0x0a71ec00, 0x0ac00000)
 Metaspace       used 8302K, capacity 8531K, committed 8576K, reserved 8576K
Event: 0.491 GC heap after
Heap after GC invocations=5 (full 1):
 def new generation   total 5184K, used 0K [0x04c00000, 0x051a0000, 0x0a150000)
  eden space 4608K,   0% used [0x04c00000, 0x04c00000, 0x05080000)
  from space 576K,   0% used [0x05080000, 0x05080000, 0x05110000)
  to   space 576K,   0% used [0x05110000, 0x05110000, 0x051a0000)
 tenured generation   total 11392K, used 6835K [0x0a150000, 0x0ac70000, 0x14c00000)
   the space 11392K,  59% used [0x0a150000, 0x0a7fcca8, 0x0a7fce00, 0x0ac70000)
 Metaspace       used 8302K, capacity 8531K, committed 8576K, reserved 8576K
}
Event: 1.639 GC heap before
{Heap before GC invocations=5 (full 1):
 def new generation   total 5184K, used 2319K [0x04c00000, 0x051a0000, 0x0a150000)
  eden space 4608K,  50% used [0x04c00000, 0x04e43f80, 0x05080000)
  from space 576K,   0% used [0x05080000, 0x05080000, 0x05110000)
  to   space 576K,   0% used [0x05110000, 0x05110000, 0x051a0000)
 tenured generation   total 21160K, used 16600K [0x0a150000, 0x0b5fa000, 0x14c00000)
   the space 21160K,  78% used [0x0a150000, 0x0b186338, 0x0b186400, 0x0b5fa000)
 Metaspace       used 8822K, capacity 9043K, committed 9088K, reserved 9600K
Event: 1.640 GC heap after
Heap after GC invocations=6 (full 1):
 def new generation   total 5184K, used 326K [0x04c00000, 0x051a0000, 0x0a150000)
  eden space 4608K,   0% used [0x04c00000, 0x04c00000, 0x05080000)
  from space 576K,  56% used [0x05110000, 0x05161958, 0x051a0000)
  to   space 576K,   0% used [0x05080000, 0x05080000, 0x05110000)
 tenured generation   total 21160K, used 16600K [0x0a150000, 0x0b5fa000, 0x14c00000)
   the space 21160K,  78% used [0x0a150000, 0x0b186338, 0x0b186400, 0x0b5fa000)
 Metaspace       used 8822K, capacity 9043K, committed 9088K, reserved 9600K
}
Event: 4.919 GC heap before
{Heap before GC invocations=6 (full 1):
 def new generation   total 5184K, used 4934K [0x04c00000, 0x051a0000, 0x0a150000)
  eden space 4608K, 100% used [0x04c00000, 0x05080000, 0x05080000)
  from space 576K,  56% used [0x05110000, 0x05161958, 0x051a0000)
  to   space 576K,   0% used [0x05080000, 0x05080000, 0x05110000)
 tenured generation   total 21160K, used 16600K [0x0a150000, 0x0b5fa000, 0x14c00000)
   the space 21160K,  78% used [0x0a150000, 0x0b186338, 0x0b186400, 0x0b5fa000)
 Metaspace       used 9104K, capacity 9331K, committed 9472K, reserved 9600K
Event: 4.924 GC heap after
Heap after GC invocations=7 (full 1):
 def new generation   total 5184K, used 161K [0x04c00000, 0x051a0000, 0x0a150000)
  eden space 4608K,   0% used [0x04c00000, 0x04c00000, 0x05080000)
  from space 576K,  27% used [0x05080000, 0x050a8440, 0x05110000)
  to   space 576K,   0% used [0x05110000, 0x05110000, 0x051a0000)
 tenured generation   total 21160K, used 20593K [0x0a150000, 0x0b5fa000, 0x14c00000)
   the space 21160K,  97% used [0x0a150000, 0x0b56c448, 0x0b56c600, 0x0b5fa000)
 Metaspace       used 9104K, capacity 9331K, committed 9472K, reserved 9600K
}

Deoptimization events (0 events):
No events

Internal exceptions (10 events):
Event: 0.211 Thread 0x0039c400 Exception <a 'java/lang/ClassNotFoundException': ToolBar> (0x04ed86b8) thrown at [C:\re\workspace\8-2-build-windows-i586-cygwin\jdk8u91\7017\hotspot\src\share\vm\classfile\systemDictionary.cpp, line 210]
Event: 0.211 Thread 0x0039c400 Exception <a 'java/lang/ClassNotFoundException': ToggleButton> (0x04ed8c00) thrown at [C:\re\workspace\8-2-build-windows-i586-cygwin\jdk8u91\7017\hotspot\src\share\vm\classfile\systemDictionary.cpp, line 210]
Event: 0.211 Thread 0x0039c400 Exception <a 'java/lang/ClassNotFoundException': javax/swing/JToolBarSeparator> (0x04ed9008) thrown at [C:\re\workspace\8-2-build-windows-i586-cygwin\jdk8u91\7017\hotspot\src\share\vm\classfile\systemDictionary.cpp, line 210]
Event: 0.211 Thread 0x0039c400 Exception <a 'java/lang/ClassNotFoundException': ToolBarSeparator> (0x04ed9460) thrown at [C:\re\workspace\8-2-build-windows-i586-cygwin\jdk8u91\7017\hotspot\src\share\vm\classfile\systemDictionary.cpp, line 210]
Event: 0.211 Thread 0x0039c400 Exception <a 'java/lang/ClassNotFoundException': ToolTip> (0x04ed9b08) thrown at [C:\re\workspace\8-2-build-windows-i586-cygwin\jdk8u91\7017\hotspot\src\share\vm\classfile\systemDictionary.cpp, line 210]
Event: 0.212 Thread 0x0039c400 Exception <a 'java/lang/ClassNotFoundException': Tree> (0x04eda5f0) thrown at [C:\re\workspace\8-2-build-windows-i586-cygwin\jdk8u91\7017\hotspot\src\share\vm\classfile\systemDictionary.cpp, line 210]
Event: 0.212 Thread 0x0039c400 Exception <a 'java/lang/ClassNotFoundException': Tree> (0x04edacf8) thrown at [C:\re\workspace\8-2-build-windows-i586-cygwin\jdk8u91\7017\hotspot\src\share\vm\classfile\systemDictionary.cpp, line 210]
Event: 0.212 Thread 0x0039c400 Exception <a 'java/lang/ClassNotFoundException': javax/swing/JTreeCell> (0x04edb030) thrown at [C:\re\workspace\8-2-build-windows-i586-cygwin\jdk8u91\7017\hotspot\src\share\vm\classfile\systemDictionary.cpp, line 210]
Event: 0.212 Thread 0x0039c400 Exception <a 'java/lang/ClassNotFoundException': TreeCell> (0x04edb478) thrown at [C:\re\workspace\8-2-build-windows-i586-cygwin\jdk8u91\7017\hotspot\src\share\vm\classfile\systemDictionary.cpp, line 210]
Event: 0.212 Thread 0x0039c400 Exception <a 'java/lang/ClassNotFoundException': RootPane> (0x04edbdf0) thrown at [C:\re\workspace\8-2-build-windows-i586-cygwin\jdk8u91\7017\hotspot\src\share\vm\classfile\systemDictionary.cpp, line 210]

Events (10 events):
Event: 23.337 loading class java/util/concurrent/TimeUnit$5
Event: 23.337 loading class java/util/concurrent/TimeUnit$5 done
Event: 23.337 loading class java/util/concurrent/TimeUnit$6
Event: 23.337 loading class java/util/concurrent/TimeUnit$6 done
Event: 23.337 loading class java/util/concurrent/TimeUnit$7
Event: 23.337 loading class java/util/concurrent/TimeUnit$7 done
Event: 23.732 loading class java/awt/LightweightDispatcher$2
Event: 23.733 loading class java/awt/LightweightDispatcher$2 done
Event: 23.841 loading class javax/swing/Timer$1
Event: 23.852 loading class javax/swing/Timer$1 done


Dynamic libraries:
0x01380000 - 0x013b3000 	C:\Program Files (x86)\Java\jdk1.8.0_91\bin\java.exe
0x76ea0000 - 0x77020000 	C:\Windows\SysWOW64\ntdll.dll
0x74da0000 - 0x74eb0000 	C:\Windows\syswow64\kernel32.dll
0x76920000 - 0x76967000 	C:\Windows\syswow64\KERNELBASE.dll
0x767b0000 - 0x76851000 	C:\Windows\syswow64\ADVAPI32.dll
0x74cd0000 - 0x74d7c000 	C:\Windows\syswow64\msvcrt.dll
0x74d80000 - 0x74d99000 	C:\Windows\SysWOW64\sechost.dll
0x75d50000 - 0x75e40000 	C:\Windows\syswow64\RPCRT4.dll
0x747b0000 - 0x74810000 	C:\Windows\syswow64\SspiCli.dll
0x747a0000 - 0x747ac000 	C:\Windows\syswow64\CRYPTBASE.dll
0x769a0000 - 0x76aa0000 	C:\Windows\syswow64\USER32.dll
0x76880000 - 0x76910000 	C:\Windows\syswow64\GDI32.dll
0x75be0000 - 0x75bea000 	C:\Windows\syswow64\LPK.dll
0x74eb0000 - 0x74f4d000 	C:\Windows\syswow64\USP10.dll
0x72560000 - 0x726fe000 	C:\Windows\WinSxS\x86_microsoft.windows.common-controls_6595b64144ccf1df_6.0.7601.18837_none_41e855142bd5705d\COMCTL32.dll
0x74a30000 - 0x74a87000 	C:\Windows\syswow64\SHLWAPI.dll
0x761a0000 - 0x76200000 	C:\Windows\system32\IMM32.DLL
0x75c80000 - 0x75d4c000 	C:\Windows\syswow64\MSCTF.dll
0x6a5a0000 - 0x6a65d000 	C:\Program Files (x86)\Java\jdk1.8.0_91\jre\bin\msvcr100.dll
0x5c8e0000 - 0x5ccaa000 	C:\Program Files (x86)\Java\jdk1.8.0_91\jre\bin\client\jvm.dll
0x724d0000 - 0x724d7000 	C:\Windows\system32\WSOCK32.dll
0x75ba0000 - 0x75bd5000 	C:\Windows\syswow64\WS2_32.dll
0x76770000 - 0x76776000 	C:\Windows\syswow64\NSI.dll
0x71ed0000 - 0x71f02000 	C:\Windows\system32\WINMM.dll
0x72b90000 - 0x72b99000 	C:\Windows\system32\VERSION.dll
0x76860000 - 0x76865000 	C:\Windows\syswow64\PSAPI.DLL
0x6a920000 - 0x6a92c000 	C:\Program Files (x86)\Java\jdk1.8.0_91\jre\bin\verify.dll
0x6a8f0000 - 0x6a911000 	C:\Program Files (x86)\Java\jdk1.8.0_91\jre\bin\java.dll
0x6a770000 - 0x6a783000 	C:\Program Files (x86)\Java\jdk1.8.0_91\jre\bin\zip.dll
0x74f50000 - 0x75b9c000 	C:\Windows\syswow64\SHELL32.dll
0x764d0000 - 0x7662d000 	C:\Windows\syswow64\ole32.dll
0x74820000 - 0x7482b000 	C:\Windows\syswow64\profapi.dll
0x62900000 - 0x62a45000 	C:\Program Files (x86)\Java\jdk1.8.0_91\jre\bin\awt.dll
0x75bf0000 - 0x75c7f000 	C:\Windows\syswow64\OLEAUT32.dll
0x71500000 - 0x71580000 	C:\Windows\system32\uxtheme.dll
0x71c00000 - 0x71c13000 	C:\Windows\system32\dwmapi.dll
0x6a730000 - 0x6a769000 	C:\Program Files (x86)\Java\jdk1.8.0_91\jre\bin\fontmanager.dll
0x6a6f0000 - 0x6a716000 	C:\Program Files (x86)\Java\jdk1.8.0_91\jre\bin\jpeg.dll
0x6a790000 - 0x6a7a6000 	C:\Program Files (x86)\Java\jdk1.8.0_91\jre\bin\net.dll
0x72150000 - 0x7218c000 	C:\Windows\system32\mswsock.dll
0x71e90000 - 0x71e96000 	C:\Windows\System32\wship6.dll
0x6a930000 - 0x6a93f000 	C:\Program Files (x86)\Java\jdk1.8.0_91\jre\bin\nio.dll
0x6a6b0000 - 0x6a6e2000 	C:\Program Files (x86)\Java\jdk1.8.0_91\jre\bin\t2k.dll
0x721c0000 - 0x721c5000 	C:\Windows\System32\wshtcpip.dll
0x72070000 - 0x720b4000 	C:\Windows\system32\DNSAPI.dll
0x72fb0000 - 0x72fcc000 	C:\Windows\system32\IPHLPAPI.DLL
0x72fa0000 - 0x72fa7000 	C:\Windows\system32\WINNSI.DLL
0x721d0000 - 0x721d6000 	C:\Windows\system32\rasadhlp.dll
0x721e0000 - 0x72218000 	C:\Windows\System32\fwpuclnt.dll
0x72390000 - 0x723a7000 	C:\Windows\system32\CRYPTSP.dll
0x72480000 - 0x724bb000 	C:\Windows\system32\rsaenh.dll
0x75e40000 - 0x75e57000 	C:\Windows\syswow64\USERENV.dll
0x71ea0000 - 0x71ead000 	C:\Windows\system32\dhcpcsvc6.DLL
0x71f50000 - 0x71f62000 	C:\Windows\system32\dhcpcsvc.DLL
0x16e70000 - 0x16ff6000 	C:\Users\OSORIO\AppData\Local\Temp\BioMiniLib\UFScanner.dll
0x75eb0000 - 0x7604d000 	C:\Windows\syswow64\SETUPAPI.dll
0x76970000 - 0x76997000 	C:\Windows\syswow64\CFGMGR32.dll
0x748f0000 - 0x74902000 	C:\Windows\syswow64\DEVOBJ.dll
0x6a6a0000 - 0x6a6a9000 	C:\Windows\system32\HID.DLL
0x614d0000 - 0x615ec000 	C:\Windows\system32\MFC42.DLL
0x5ee30000 - 0x5eebc000 	C:\Windows\system32\ODBC32.dll
0x70f20000 - 0x70f71000 	C:\Windows\system32\WINSPOOL.DRV
0x5edf0000 - 0x5ee28000 	C:\Windows\system32\odbcint.dll
0x007d0000 - 0x00807000 	C:\Users\OSORIO\AppData\Local\Temp\BioMiniLib\UFMatcher.dll
0x76780000 - 0x767af000 	C:\Windows\syswow64\WINTRUST.dll
0x76640000 - 0x76761000 	C:\Windows\syswow64\CRYPT32.dll
0x76e70000 - 0x76e7c000 	C:\Windows\syswow64\MSASN1.dll
0x6a670000 - 0x6a694000 	C:\Program Files (x86)\Java\jdk1.8.0_91\jre\bin\dcpr.dll
0x719d0000 - 0x71abb000 	C:\Windows\system32\dbghelp.dll

VM Arguments:
jvm_args: -Dfile.encoding=UTF-8 
java_command: GUI.Checador
java_class_path (initial): C:\Users\OSORIO\Documents\NetBeansProjects\Checador\postgresql-9.4.1208.jre6.jar;C:\Users\OSORIO\Documents\NetBeansProjects\Checador\jna.jar;C:\Users\OSORIO\Documents\NetBeansProjects\Checador\joda-time-2.9.4.jar;C:\Users\OSORIO\Documents\NetBeansProjects\Checador\joda-time-2.9.4-javadoc.jar;C:\Program Files\NetBeans 8.1\java\modules\ext\AbsoluteLayout.jar;C:\Users\OSORIO\Documents\NetBeansProjects\Checador\build\classes
Launcher Type: SUN_STANDARD

Environment Variables:
PATH=C:\ProgramData\Oracle\Java\javapath;C:\Windows\system32;C:\Windows;C:\Windows\System32\Wbem;C:\Windows\System32\WindowsPowerShell\v1.0\;C:\xampp\php;C:\ProgramData\ComposerSetup\bin;C:\Program Files (x86)\Suprema\UFE35\bin;C:\Program Files (x86)\pgmodeler;C:\Program Files (x86)\Suprema\UFE35\bin;C:\Program Files\Git\cmd;C:\Users\OSORIO\AppData\Roaming\Composer\vendor\bin;C:\Program Files\Java\jdk1.8.0_91\bin;C:\Program Files (x86)\SSH Communications Security\SSH Secure Shell;C:\Program Files (x86)\Suprema\UFE35\bin
USERNAME=OSORIO
OS=Windows_NT
PROCESSOR_IDENTIFIER=Intel64 Family 6 Model 58 Stepping 9, GenuineIntel



---------------  S Y S T E M  ---------------

OS: Windows 7 , 64 bit Build 7601 (6.1.7601.23418)

CPU:total 4 (2 cores per cpu, 2 threads per core) family 6 model 58 stepping 9, cmov, cx8, fxsr, mmx, sse, sse2, sse3, ssse3, sse4.1, sse4.2, popcnt, avx, clmul, erms, ht, tsc, tscinvbit, tscinv

Memory: 4k page, physical 8279396k(2223196k free), swap 16556932k(10106404k free)

vm_info: Java HotSpot(TM) Client VM (25.91-b15) for windows-x86 JRE (1.8.0_91-b15), built on May 20 2016 17:33:18 by "java_re" with MS VC++ 10.0 (VS2010)

time: Wed Oct 05 13:12:11 2016
elapsed time: 26 seconds (0d 0h 0m 26s)

