#
# A fatal error has been detected by the Java Runtime Environment:
#
#  EXCEPTION_ACCESS_VIOLATION (0xc0000005) at pc=0x00000000, pid=3640, tid=7684
#
# JRE version: Java(TM) SE Runtime Environment (8.0_91-b15) (build 1.8.0_91-b15)
# Java VM: Java HotSpot(TM) Client VM (25.91-b15 mixed mode windows-x86 )
# Problematic frame:
# C  0x00000000
#
# Failed to write core dump. Minidumps are not enabled by default on client versions of Windows
#
# If you would like to submit a bug report, please visit:
#   http://bugreport.java.com/bugreport/crash.jsp
# The crash happened outside the Java Virtual Machine in native code.
# See problematic frame for where to report the bug.
#

---------------  T H R E A D  ---------------

Current thread (0x16114000):  JavaThread "Thread-4" [_thread_in_native, id=7684, stack(0x17270000,0x172c0000)]

siginfo: ExceptionCode=0xc0000005, ExceptionInformation=0x00000008 0x00000000

Registers:
EAX=0x169efef0, EBX=0x00000000, ECX=0x19c870a0, EDX=0x172bea60
ESP=0x172bea3c, EBP=0x172bea78, ESI=0x19c870a0, EDI=0x172bea9c
EIP=0x00000000, EFLAGS=0x00010246

Top of Stack: (sp=0x172bea3c)
0x172bea3c:   16b2c5f7 172beaa0 172bea9c 172bea60
0x172bea4c:   19a588b8 00000000 16114000 17420020
0x172bea5c:   16b0d8c3 00000000 00000028 00000000
0x172bea6c:   00000000 00000440 19a588b8 172bebe8
0x172bea7c:   16b1d0c0 172beaa0 012bea9c 00000000
0x172bea8c:   16b0d8b0 16b1d36d 000000c3 172beaa0
0x172bea9c:   00000002 00002031 172beaac 00000002
0x172beaac:   00000001 00000000 16114001 5c639491 

Instructions: (pc=0x00000000)
0xffffffe0:   


Register to memory mapping:

EAX=0x169efef0 is an unknown value
EBX=0x00000000 is an unknown value
ECX=0x19c870a0 is an unknown value
EDX=0x172bea60 is pointing into the stack for thread: 0x16114000
ESP=0x172bea3c is pointing into the stack for thread: 0x16114000
EBP=0x172bea78 is pointing into the stack for thread: 0x16114000
ESI=0x19c870a0 is an unknown value
EDI=0x172bea9c is pointing into the stack for thread: 0x16114000


Stack: [0x17270000,0x172c0000],  sp=0x172bea3c,  free space=314k
Java frames: (J=compiled Java code, j=interpreted, Vv=VM code)
J 497  com.sun.jna.Function.invokeInt(I[Ljava/lang/Object;)I (0 bytes) @ 0x029652a9 [0x02965250+0x59]
J 496 C1 com.sun.jna.Function.invoke([Ljava/lang/Object;Ljava/lang/Class;)Ljava/lang/Object; (831 bytes) @ 0x02969570 [0x029686e0+0xe90]
J 307 C1 com.sun.jna.Function.invoke(Ljava/lang/Class;[Ljava/lang/Object;Ljava/util/Map;)Ljava/lang/Object; (530 bytes) @ 0x02909a58 [0x02909680+0x3d8]
J 495 C1 com.sun.jna.Library$Handler.invoke(Ljava/lang/Object;Ljava/lang/reflect/Method;[Ljava/lang/Object;)Ljava/lang/Object; (348 bytes) @ 0x02966a90 [0x02966250+0x840]
j  com.sun.proxy.$Proxy0.UFS_StartCapturing(Lcom/sun/jna/Pointer;LClases/UFScannerClass$UFS_CAPTURE_PROC;Lcom/sun/jna/ptr/PointerByReference;)I+24
j  GUI.Checador$6.run()V+67
j  java.lang.Thread.run()V+11
v  ~StubRoutines::call_stub

---------------  P R O C E S S  ---------------

Java Threads: ( => current thread )
  0x16033800 JavaThread "Thread-0" daemon [_thread_in_native, id=5672, stack(0x16550000,0x165a0000)]
  0x16274000 JavaThread "TimerQueue" daemon [_thread_blocked, id=7964, stack(0x15480000,0x154d0000)]
=>0x16114000 JavaThread "Thread-4" [_thread_in_native, id=7684, stack(0x17270000,0x172c0000)]
  0x160cc800 JavaThread "Thread-2" [_thread_blocked, id=6368, stack(0x156d0000,0x15720000)]
  0x0040c400 JavaThread "DestroyJavaVM" [_thread_blocked, id=8012, stack(0x00840000,0x00890000)]
  0x14e5c800 JavaThread "AWT-EventQueue-0" [_thread_blocked, id=6540, stack(0x157f0000,0x15840000)]
  0x14e4f000 JavaThread "AWT-Shutdown" [_thread_blocked, id=7476, stack(0x15680000,0x156d0000)]
  0x14e4c000 JavaThread "Java2D Disposer" daemon [_thread_blocked, id=3456, stack(0x15780000,0x157d0000)]
  0x14cce000 JavaThread "Service Thread" daemon [_thread_blocked, id=6328, stack(0x15430000,0x15480000)]
  0x14ccb400 JavaThread "C1 CompilerThread0" daemon [_thread_blocked, id=6300, stack(0x02490000,0x024e0000)]
  0x14cca400 JavaThread "Attach Listener" daemon [_thread_blocked, id=7992, stack(0x15060000,0x150b0000)]
  0x14cc7400 JavaThread "Signal Dispatcher" daemon [_thread_blocked, id=7328, stack(0x15310000,0x15360000)]
  0x14ca6c00 JavaThread "Finalizer" daemon [_thread_blocked, id=4744, stack(0x150f0000,0x15140000)]
  0x14c82000 JavaThread "Reference Handler" daemon [_thread_blocked, id=6716, stack(0x14e80000,0x14ed0000)]

Other Threads:
  0x14c7b400 VMThread [stack: 0x14ef0000,0x14f40000] [id=8104]
  0x14cd1000 WatcherThread [stack: 0x15240000,0x15290000] [id=3664]

VM state:not at safepoint (normal execution)

VM Mutex/Monitor currently owned by a thread: None

Heap:
 def new generation   total 9536K, used 8256K [0x04800000, 0x05250000, 0x09d50000)
  eden space 8512K,  97% used [0x04800000, 0x05010370, 0x05050000)
  from space 1024K,   0% used [0x05050000, 0x05050000, 0x05150000)
  to   space 1024K,   0% used [0x05150000, 0x05150000, 0x05250000)
 tenured generation   total 20976K, used 11643K [0x09d50000, 0x0b1cc000, 0x14800000)
   the space 20976K,  55% used [0x09d50000, 0x0a8aed80, 0x0a8aee00, 0x0b1cc000)
 Metaspace       used 9761K, capacity 9996K, committed 10112K, reserved 10624K

Card table byte_map: [0x00360000,0x003f0000] byte_map_base: 0x0033c000

Polling page: 0x001e0000

CodeCache: size=32768Kb used=1483Kb max_used=1483Kb free=31284Kb
 bounds [0x02800000, 0x02978000, 0x04800000]
 total_blobs=752 nmethods=509 adapters=174
 compilation: enabled

Compilation events (10 events):
Event: 36.523 Thread 0x14ccb400  509             java.lang.ref.Reference::<init> (7 bytes)
Event: 36.523 Thread 0x14ccb400 nmethod 509 0x02971dc8 code [0x02971ec0, 0x02971f80]
Event: 36.643 Thread 0x14ccb400  510             java.awt.Component::getCursor_NoClientCode (30 bytes)
Event: 36.643 Thread 0x14ccb400 nmethod 510 0x02972008 code [0x02972130, 0x02972264]
Event: 36.685 Thread 0x14ccb400  512             java.util.IdentityHashMap::maskNull (12 bytes)
Event: 36.685 Thread 0x14ccb400 nmethod 512 0x02972648 code [0x02972740, 0x029727c0]
Event: 36.685 Thread 0x14ccb400  513             java.util.IdentityHashMap::hash (18 bytes)
Event: 36.685 Thread 0x14ccb400 nmethod 513 0x02972808 code [0x02972900, 0x0297299c]
Event: 37.245 Thread 0x14ccb400  514             javax.swing.plaf.synth.SynthLookAndFeel::getComponentState (23 bytes)
Event: 37.246 Thread 0x14ccb400 nmethod 514 0x02972a08 code [0x02972b20, 0x02972c34]

GC Heap History (10 events):
Event: 0.495 GC heap before
{Heap before GC invocations=3 (full 0):
 def new generation   total 4928K, used 4409K [0x04800000, 0x04d50000, 0x09d50000)
  eden space 4416K,  99% used [0x04800000, 0x04c4e538, 0x04c50000)
  from space 512K,   0% used [0x04cd0000, 0x04cd0128, 0x04d50000)
  to   space 512K,   0% used [0x04c50000, 0x04c50000, 0x04cd0000)
 tenured generation   total 10944K, used 5954K [0x09d50000, 0x0a800000, 0x14800000)
   the space 10944K,  54% used [0x09d50000, 0x0a320a80, 0x0a320c00, 0x0a800000)
 Metaspace       used 7416K, capacity 7595K, committed 7680K, reserved 8576K
Event: 0.496 GC heap after
Heap after GC invocations=4 (full 0):
 def new generation   total 4928K, used 142K [0x04800000, 0x04d50000, 0x09d50000)
  eden space 4416K,   0% used [0x04800000, 0x04800000, 0x04c50000)
  from space 512K,  27% used [0x04c50000, 0x04c73a30, 0x04cd0000)
  to   space 512K,   0% used [0x04cd0000, 0x04cd0000, 0x04d50000)
 tenured generation   total 10944K, used 5954K [0x09d50000, 0x0a800000, 0x14800000)
   the space 10944K,  54% used [0x09d50000, 0x0a320a80, 0x0a320c00, 0x0a800000)
 Metaspace       used 7416K, capacity 7595K, committed 7680K, reserved 8576K
}
Event: 0.648 GC heap before
{Heap before GC invocations=4 (full 0):
 def new generation   total 4928K, used 2501K [0x04800000, 0x04d50000, 0x09d50000)
  eden space 4416K,  53% used [0x04800000, 0x04a4dd48, 0x04c50000)
  from space 512K,  27% used [0x04c50000, 0x04c73a30, 0x04cd0000)
  to   space 512K,   0% used [0x04cd0000, 0x04cd0000, 0x04d50000)
 tenured generation   total 10944K, used 5954K [0x09d50000, 0x0a800000, 0x14800000)
   the space 10944K,  54% used [0x09d50000, 0x0a320a80, 0x0a320c00, 0x0a800000)
 Metaspace       used 8163K, capacity 8401K, committed 8448K, reserved 8576K
Event: 0.663 GC heap after
Heap after GC invocations=5 (full 1):
 def new generation   total 5120K, used 0K [0x04800000, 0x04d80000, 0x09d50000)
  eden space 4608K,   0% used [0x04800000, 0x04800000, 0x04c80000)
  from space 512K,   0% used [0x04c80000, 0x04c80000, 0x04d00000)
  to   space 512K,   0% used [0x04d00000, 0x04d00000, 0x04d80000)
 tenured generation   total 11208K, used 6723K [0x09d50000, 0x0a842000, 0x14800000)
   the space 11208K,  59% used [0x09d50000, 0x0a3e0ff8, 0x0a3e1000, 0x0a842000)
 Metaspace       used 8163K, capacity 8401K, committed 8448K, reserved 8576K
}
Event: 2.520 GC heap before
{Heap before GC invocations=5 (full 1):
 def new generation   total 5120K, used 2612K [0x04800000, 0x04d80000, 0x09d50000)
  eden space 4608K,  56% used [0x04800000, 0x04a8d0b8, 0x04c80000)
  from space 512K,   0% used [0x04c80000, 0x04c80000, 0x04d00000)
  to   space 512K,   0% used [0x04d00000, 0x04d00000, 0x04d80000)
 tenured generation   total 20976K, used 16489K [0x09d50000, 0x0b1cc000, 0x14800000)
   the space 20976K,  78% used [0x09d50000, 0x0ad6a688, 0x0ad6a800, 0x0b1cc000)
 Metaspace       used 8837K, capacity 9043K, committed 9088K, reserved 9600K
Event: 2.522 GC heap after
Heap after GC invocations=6 (full 1):
 def new generation   total 5120K, used 502K [0x04800000, 0x04d80000, 0x09d50000)
  eden space 4608K,   0% used [0x04800000, 0x04800000, 0x04c80000)
  from space 512K,  98% used [0x04d00000, 0x04d7d9b0, 0x04d80000)
  to   space 512K,   0% used [0x04c80000, 0x04c80000, 0x04d00000)
 tenured generation   total 20976K, used 16506K [0x09d50000, 0x0b1cc000, 0x14800000)
   the space 20976K,  78% used [0x09d50000, 0x0ad6ea70, 0x0ad6ec00, 0x0b1cc000)
 Metaspace       used 8837K, capacity 9043K, committed 9088K, reserved 9600K
}
Event: 5.218 GC heap before
{Heap before GC invocations=6 (full 1):
 def new generation   total 5120K, used 5106K [0x04800000, 0x04d80000, 0x09d50000)
  eden space 4608K,  99% used [0x04800000, 0x04c7f140, 0x04c80000)
  from space 512K,  98% used [0x04d00000, 0x04d7d9b0, 0x04d80000)
  to   space 512K,   0% used [0x04c80000, 0x04c80000, 0x04d00000)
 tenured generation   total 20976K, used 16506K [0x09d50000, 0x0b1cc000, 0x14800000)
   the space 20976K,  78% used [0x09d50000, 0x0ad6ea70, 0x0ad6ec00, 0x0b1cc000)
 Metaspace       used 8998K, capacity 9203K, committed 9344K, reserved 9600K
Event: 5.221 GC heap after
Heap after GC invocations=7 (full 1):
 def new generation   total 5120K, used 102K [0x04800000, 0x04d80000, 0x09d50000)
  eden space 4608K,   0% used [0x04800000, 0x04800000, 0x04c80000)
  from space 512K,  20% used [0x04c80000, 0x04c99a60, 0x04d00000)
  to   space 512K,   0% used [0x04d00000, 0x04d00000, 0x04d80000)
 tenured generation   total 20976K, used 20822K [0x09d50000, 0x0b1cc000, 0x14800000)
   the space 20976K,  99% used [0x09d50000, 0x0b1a5a18, 0x0b1a5c00, 0x0b1cc000)
 Metaspace       used 8998K, capacity 9203K, committed 9344K, reserved 9600K
}
Event: 12.008 GC heap before
{Heap before GC invocations=7 (full 1):
 def new generation   total 5120K, used 4587K [0x04800000, 0x04d80000, 0x09d50000)
  eden space 4608K,  97% used [0x04800000, 0x04c61230, 0x04c80000)
  from space 512K,  20% used [0x04c80000, 0x04c99a60, 0x04d00000)
  to   space 512K,   0% used [0x04d00000, 0x04d00000, 0x04d80000)
 tenured generation   total 20976K, used 20822K [0x09d50000, 0x0b1cc000, 0x14800000)
   the space 20976K,  99% used [0x09d50000, 0x0b1a5a18, 0x0b1a5c00, 0x0b1cc000)
 Metaspace       used 9713K, capacity 9947K, committed 10112K, reserved 10624K
Event: 12.019 GC heap after
Heap after GC invocations=8 (full 2):
 def new generation   total 9536K, used 0K [0x04800000, 0x05250000, 0x09d50000)
  eden space 8512K,   0% used [0x04800000, 0x04800000, 0x05050000)
  from space 1024K,   0% used [0x05050000, 0x05050000, 0x05150000)
  to   space 1024K,   0% used [0x05150000, 0x05150000, 0x05250000)
 tenured generation   total 20976K, used 11643K [0x09d50000, 0x0b1cc000, 0x14800000)
   the space 20976K,  55% used [0x09d50000, 0x0a8aed80, 0x0a8aee00, 0x0b1cc000)
 Metaspace       used 9707K, capacity 9932K, committed 10112K, reserved 10624K
}

Deoptimization events (0 events):
No events

Internal exceptions (10 events):
Event: 0.251 Thread 0x0040c400 Exception <a 'java/lang/ClassNotFoundException': ToolBar> (0x04ad8b48) thrown at [C:\re\workspace\8-2-build-windows-i586-cygwin\jdk8u91\7017\hotspot\src\share\vm\classfile\systemDictionary.cpp, line 210]
Event: 0.251 Thread 0x0040c400 Exception <a 'java/lang/ClassNotFoundException': ToggleButton> (0x04ad9090) thrown at [C:\re\workspace\8-2-build-windows-i586-cygwin\jdk8u91\7017\hotspot\src\share\vm\classfile\systemDictionary.cpp, line 210]
Event: 0.251 Thread 0x0040c400 Exception <a 'java/lang/ClassNotFoundException': javax/swing/JToolBarSeparator> (0x04ad9498) thrown at [C:\re\workspace\8-2-build-windows-i586-cygwin\jdk8u91\7017\hotspot\src\share\vm\classfile\systemDictionary.cpp, line 210]
Event: 0.251 Thread 0x0040c400 Exception <a 'java/lang/ClassNotFoundException': ToolBarSeparator> (0x04ad98f0) thrown at [C:\re\workspace\8-2-build-windows-i586-cygwin\jdk8u91\7017\hotspot\src\share\vm\classfile\systemDictionary.cpp, line 210]
Event: 0.251 Thread 0x0040c400 Exception <a 'java/lang/ClassNotFoundException': ToolTip> (0x04ad9f98) thrown at [C:\re\workspace\8-2-build-windows-i586-cygwin\jdk8u91\7017\hotspot\src\share\vm\classfile\systemDictionary.cpp, line 210]
Event: 0.252 Thread 0x0040c400 Exception <a 'java/lang/ClassNotFoundException': Tree> (0x04adaa80) thrown at [C:\re\workspace\8-2-build-windows-i586-cygwin\jdk8u91\7017\hotspot\src\share\vm\classfile\systemDictionary.cpp, line 210]
Event: 0.252 Thread 0x0040c400 Exception <a 'java/lang/ClassNotFoundException': Tree> (0x04adb188) thrown at [C:\re\workspace\8-2-build-windows-i586-cygwin\jdk8u91\7017\hotspot\src\share\vm\classfile\systemDictionary.cpp, line 210]
Event: 0.252 Thread 0x0040c400 Exception <a 'java/lang/ClassNotFoundException': javax/swing/JTreeCell> (0x04adb4c0) thrown at [C:\re\workspace\8-2-build-windows-i586-cygwin\jdk8u91\7017\hotspot\src\share\vm\classfile\systemDictionary.cpp, line 210]
Event: 0.252 Thread 0x0040c400 Exception <a 'java/lang/ClassNotFoundException': TreeCell> (0x04adb908) thrown at [C:\re\workspace\8-2-build-windows-i586-cygwin\jdk8u91\7017\hotspot\src\share\vm\classfile\systemDictionary.cpp, line 210]
Event: 0.252 Thread 0x0040c400 Exception <a 'java/lang/ClassNotFoundException': RootPane> (0x04adc280) thrown at [C:\re\workspace\8-2-build-windows-i586-cygwin\jdk8u91\7017\hotspot\src\share\vm\classfile\systemDictionary.cpp, line 210]

Events (10 events):
Event: 35.765 Thread 0x16033000 Thread added: 0x16033000
Event: 35.765 Thread 0x16033000 Thread exited: 0x16033000
Event: 35.973 Thread 0x16033000 Thread added: 0x16033000
Event: 35.973 Thread 0x16033000 Thread exited: 0x16033000
Event: 36.182 Thread 0x16033000 Thread added: 0x16033000
Event: 36.182 Thread 0x16033000 Thread exited: 0x16033000
Event: 36.390 Thread 0x16033000 Thread added: 0x16033000
Event: 36.390 Thread 0x16033000 Thread exited: 0x16033000
Event: 36.683 loading class java/awt/LightweightDispatcher$2
Event: 36.683 loading class java/awt/LightweightDispatcher$2 done


Dynamic libraries:
0x002e0000 - 0x00313000 	C:\Program Files (x86)\Java\jdk1.8.0_91\bin\java.exe
0x76f10000 - 0x77090000 	C:\Windows\SysWOW64\ntdll.dll
0x751e0000 - 0x752f0000 	C:\Windows\syswow64\kernel32.dll
0x76560000 - 0x765a7000 	C:\Windows\syswow64\KERNELBASE.dll
0x74880000 - 0x74921000 	C:\Windows\syswow64\ADVAPI32.dll
0x74da0000 - 0x74e4c000 	C:\Windows\syswow64\msvcrt.dll
0x754c0000 - 0x754d9000 	C:\Windows\SysWOW64\sechost.dll
0x765b0000 - 0x766a0000 	C:\Windows\syswow64\RPCRT4.dll
0x74820000 - 0x74880000 	C:\Windows\syswow64\SspiCli.dll
0x74810000 - 0x7481c000 	C:\Windows\syswow64\CRYPTBASE.dll
0x754e0000 - 0x755e0000 	C:\Windows\syswow64\USER32.dll
0x75600000 - 0x75690000 	C:\Windows\syswow64\GDI32.dll
0x76820000 - 0x7682a000 	C:\Windows\syswow64\LPK.dll
0x75800000 - 0x7589d000 	C:\Windows\syswow64\USP10.dll
0x725d0000 - 0x7276e000 	C:\Windows\WinSxS\x86_microsoft.windows.common-controls_6595b64144ccf1df_6.0.7601.18837_none_41e855142bd5705d\COMCTL32.dll
0x749c0000 - 0x74a17000 	C:\Windows\syswow64\SHLWAPI.dll
0x74cc0000 - 0x74d20000 	C:\Windows\system32\IMM32.DLL
0x766b0000 - 0x7677c000 	C:\Windows\syswow64\MSCTF.dll
0x73e00000 - 0x73ebd000 	C:\Program Files (x86)\Java\jdk1.8.0_91\jre\bin\msvcr100.dll
0x5c4e0000 - 0x5c8aa000 	C:\Program Files (x86)\Java\jdk1.8.0_91\jre\bin\client\jvm.dll
0x72540000 - 0x72547000 	C:\Windows\system32\WSOCK32.dll
0x74a90000 - 0x74ac5000 	C:\Windows\syswow64\WS2_32.dll
0x766a0000 - 0x766a6000 	C:\Windows\syswow64\NSI.dll
0x71fb0000 - 0x71fe2000 	C:\Windows\system32\WINMM.dll
0x74740000 - 0x74749000 	C:\Windows\system32\VERSION.dll
0x76ee0000 - 0x76ee5000 	C:\Windows\syswow64\PSAPI.DLL
0x73df0000 - 0x73dfc000 	C:\Program Files (x86)\Java\jdk1.8.0_91\jre\bin\verify.dll
0x73dc0000 - 0x73de1000 	C:\Program Files (x86)\Java\jdk1.8.0_91\jre\bin\java.dll
0x73da0000 - 0x73db3000 	C:\Program Files (x86)\Java\jdk1.8.0_91\jre\bin\zip.dll
0x758a0000 - 0x764ec000 	C:\Windows\syswow64\SHELL32.dll
0x756a0000 - 0x757fd000 	C:\Windows\syswow64\ole32.dll
0x74a30000 - 0x74a3b000 	C:\Windows\syswow64\profapi.dll
0x73c30000 - 0x73d75000 	C:\Program Files (x86)\Java\jdk1.8.0_91\jre\bin\awt.dll
0x76a80000 - 0x76b0f000 	C:\Windows\syswow64\OLEAUT32.dll
0x73080000 - 0x73100000 	C:\Windows\system32\uxtheme.dll
0x73060000 - 0x73073000 	C:\Windows\system32\dwmapi.dll
0x73bf0000 - 0x73c29000 	C:\Program Files (x86)\Java\jdk1.8.0_91\jre\bin\fontmanager.dll
0x66320000 - 0x66346000 	C:\Program Files (x86)\Java\jdk1.8.0_91\jre\bin\jpeg.dll
0x73d80000 - 0x73d96000 	C:\Program Files (x86)\Java\jdk1.8.0_91\jre\bin\net.dll
0x722b0000 - 0x722ec000 	C:\Windows\system32\mswsock.dll
0x73750000 - 0x73756000 	C:\Windows\System32\wship6.dll
0x73b40000 - 0x73b4f000 	C:\Program Files (x86)\Java\jdk1.8.0_91\jre\bin\nio.dll
0x73bb0000 - 0x73be2000 	C:\Program Files (x86)\Java\jdk1.8.0_91\jre\bin\t2k.dll
0x714b0000 - 0x714c7000 	C:\Windows\system32\CRYPTSP.dll
0x71470000 - 0x714ab000 	C:\Windows\system32\rsaenh.dll
0x767b0000 - 0x767c7000 	C:\Windows\syswow64\USERENV.dll
0x73010000 - 0x7302c000 	C:\Windows\system32\IPHLPAPI.DLL
0x73000000 - 0x73007000 	C:\Windows\system32\WINNSI.DLL
0x71f70000 - 0x71f7d000 	C:\Windows\system32\dhcpcsvc6.DLL
0x72030000 - 0x72042000 	C:\Windows\system32\dhcpcsvc.DLL
0x16af0000 - 0x16c76000 	C:\Users\OSORIO\AppData\Local\Temp\BioMiniLib\UFScanner.dll
0x74b20000 - 0x74cbd000 	C:\Windows\syswow64\SETUPAPI.dll
0x767f0000 - 0x76817000 	C:\Windows\syswow64\CFGMGR32.dll
0x767d0000 - 0x767e2000 	C:\Windows\syswow64\DEVOBJ.dll
0x73ba0000 - 0x73ba9000 	C:\Windows\system32\HID.DLL
0x5f370000 - 0x5f48c000 	C:\Windows\system32\MFC42.DLL
0x5bcb0000 - 0x5bd3c000 	C:\Windows\system32\ODBC32.dll
0x708d0000 - 0x70921000 	C:\Windows\system32\WINSPOOL.DRV
0x5bc70000 - 0x5bca8000 	C:\Windows\system32\odbcint.dll
0x152d0000 - 0x15307000 	C:\Users\OSORIO\AppData\Local\Temp\BioMiniLib\UFMatcher.dll
0x76780000 - 0x767af000 	C:\Windows\syswow64\WINTRUST.dll
0x75390000 - 0x754b1000 	C:\Windows\syswow64\CRYPT32.dll
0x755e0000 - 0x755ec000 	C:\Windows\syswow64\MSASN1.dll
0x662f0000 - 0x66314000 	C:\Program Files (x86)\Java\jdk1.8.0_91\jre\bin\dcpr.dll
0x732c0000 - 0x733ab000 	C:\Windows\system32\dbghelp.dll

VM Arguments:
jvm_args: -Dfile.encoding=UTF-8 
java_command: GUI.Checador
java_class_path (initial): C:\Users\OSORIO\Documents\NetBeansProjects\Checador\postgresql-9.4.1208.jre6.jar;C:\Users\OSORIO\Documents\NetBeansProjects\Checador\jna.jar;C:\Users\OSORIO\Documents\NetBeansProjects\Checador\joda-time-2.9.4.jar;C:\Users\OSORIO\Documents\NetBeansProjects\Checador\joda-time-2.9.4-javadoc.jar;C:\Program Files\NetBeans 8.1\java\modules\ext\AbsoluteLayout.jar;C:\Users\OSORIO\Documents\NetBeansProjects\Checador\build\classes
Launcher Type: SUN_STANDARD

Environment Variables:
PATH=C:\ProgramData\Oracle\Java\javapath;C:\Windows\system32;C:\Windows;C:\Windows\System32\Wbem;C:\Windows\System32\WindowsPowerShell\v1.0\;C:\xampp\php;C:\ProgramData\ComposerSetup\bin;C:\Program Files (x86)\Suprema\UFE35\bin;C:\Program Files (x86)\pgmodeler;C:\Program Files (x86)\Suprema\UFE35\bin;C:\Program Files\Git\cmd;C:\Users\OSORIO\AppData\Roaming\Composer\vendor\bin;C:\Program Files\Java\jdk1.8.0_91\bin;C:\Program Files (x86)\SSH Communications Security\SSH Secure Shell;C:\Program Files (x86)\Suprema\UFE35\bin;C:\Users\OSORIO\AppData\Local\atom\bin
USERNAME=OSORIO
OS=Windows_NT
PROCESSOR_IDENTIFIER=Intel64 Family 6 Model 58 Stepping 9, GenuineIntel



---------------  S Y S T E M  ---------------

OS: Windows 7 , 64 bit Build 7601 (6.1.7601.23418)

CPU:total 4 (2 cores per cpu, 2 threads per core) family 6 model 58 stepping 9, cmov, cx8, fxsr, mmx, sse, sse2, sse3, ssse3, sse4.1, sse4.2, popcnt, avx, clmul, erms, ht, tsc, tscinvbit, tscinv

Memory: 4k page, physical 8279396k(1744504k free), swap 16556932k(9584028k free)

vm_info: Java HotSpot(TM) Client VM (25.91-b15) for windows-x86 JRE (1.8.0_91-b15), built on May 20 2016 17:33:18 by "java_re" with MS VC++ 10.0 (VS2010)

time: Sat Jan 14 11:13:36 2017
elapsed time: 37 seconds (0d 0h 0m 37s)

