#
# A fatal error has been detected by the Java Runtime Environment:
#
#  EXCEPTION_ACCESS_VIOLATION (0xc0000005) at pc=0x00000000, pid=7972, tid=7792
#
# JRE version: Java(TM) SE Runtime Environment (8.0_91-b15) (build 1.8.0_91-b15)
# Java VM: Java HotSpot(TM) Client VM (25.91-b15 mixed mode windows-x86 )
# Problematic frame:
# C  0x00000000
#
# Failed to write core dump. Minidumps are not enabled by default on client versions of Windows
#
# If you would like to submit a bug report, please visit:
#   http://bugreport.java.com/bugreport/crash.jsp
# The crash happened outside the Java Virtual Machine in native code.
# See problematic frame for where to report the bug.
#

---------------  T H R E A D  ---------------

Current thread (0x16123400):  JavaThread "Thread-4" [_thread_in_native, id=7792, stack(0x16b60000,0x16bb0000)]

siginfo: ExceptionCode=0xc0000005, ExceptionInformation=0x00000008 0x00000000

Registers:
EAX=0x19d97f58, EBX=0x00000000, ECX=0x1699ef60, EDX=0x16baf1b0
ESP=0x16baf18c, EBP=0x16baf1c8, ESI=0x1699ef60, EDI=0x16baf1ec
EIP=0x00000000, EFLAGS=0x00010246

Top of Stack: (sp=0x16baf18c)
0x16baf18c:   16ddc5f7 16baf1f0 16baf1ec 16baf1b0
0x16baf19c:   19b66ee8 00000000 16123400 19d6a008
0x16baf1ac:   19d6a0c3 00000000 00000028 00000000
0x16baf1bc:   00000000 00000480 19b66ee8 00000000
0x16baf1cc:   16dcd0c0 16baf1f0 01baf1ec 00000000
0x16baf1dc:   19d6a008 16dcd36d 000000c3 16baf1f0
0x16baf1ec:   00000002 00001030 00000000 00000001
0x16baf1fc:   16baf21c 02a1ad50 16baf24c 5b17f02e 

Instructions: (pc=0x00000000)
0xffffffe0:   


Register to memory mapping:

EAX=0x19d97f58 is an unknown value
EBX=0x00000000 is an unknown value
ECX=0x1699ef60 is an unknown value
EDX=0x16baf1b0 is pointing into the stack for thread: 0x16123400
ESP=0x16baf18c is pointing into the stack for thread: 0x16123400
EBP=0x16baf1c8 is pointing into the stack for thread: 0x16123400
ESI=0x1699ef60 is an unknown value
EDI=0x16baf1ec is pointing into the stack for thread: 0x16123400


Stack: [0x16b60000,0x16bb0000],  sp=0x16baf18c,  free space=316k
Java frames: (J=compiled Java code, j=interpreted, Vv=VM code)
j  com.sun.jna.Function.invokeInt(I[Ljava/lang/Object;)I+0
j  com.sun.jna.Function.invoke([Ljava/lang/Object;Ljava/lang/Class;)Ljava/lang/Object;+309
j  com.sun.jna.Function.invoke(Ljava/lang/Class;[Ljava/lang/Object;Ljava/util/Map;)Ljava/lang/Object;+194
j  com.sun.jna.Library$Handler.invoke(Ljava/lang/Object;Ljava/lang/reflect/Method;[Ljava/lang/Object;)Ljava/lang/Object;+344
j  com.sun.proxy.$Proxy0.UFS_CaptureSingleImage(Lcom/sun/jna/Pointer;)I+16
j  GUI.Checador$6.run()V+65
j  java.lang.Thread.run()V+11
v  ~StubRoutines::call_stub

---------------  P R O C E S S  ---------------

Java Threads: ( => current thread )
  0x16230800 JavaThread "Thread-3" [_thread_in_native, id=2856, stack(0x175c0000,0x17610000)]
  0x1622e800 JavaThread "Thread-0" daemon [_thread_in_native, id=1072, stack(0x159a0000,0x159f0000)]
=>0x16123400 JavaThread "Thread-4" [_thread_in_native, id=7792, stack(0x16b60000,0x16bb0000)]
  0x1625c400 JavaThread "Thread-2" [_thread_blocked, id=7892, stack(0x16c50000,0x16ca0000)]
  0x160f5c00 JavaThread "Image Fetcher 0" daemon [_thread_blocked, id=8088, stack(0x16650000,0x166a0000)]
  0x00b8c400 JavaThread "DestroyJavaVM" [_thread_blocked, id=8076, stack(0x00ff0000,0x01040000)]
  0x0123f800 JavaThread "AWT-EventQueue-0" [_thread_blocked, id=7784, stack(0x164e0000,0x16530000)]
  0x0122f000 JavaThread "AWT-Windows" daemon [_thread_in_native, id=6740, stack(0x15a00000,0x15a50000)]
  0x0122e400 JavaThread "AWT-Shutdown" [_thread_blocked, id=3160, stack(0x158f0000,0x15940000)]
  0x0122b800 JavaThread "Java2D Disposer" daemon [_thread_blocked, id=5428, stack(0x156e0000,0x15730000)]
  0x010b6c00 JavaThread "Service Thread" daemon [_thread_blocked, id=5696, stack(0x151e0000,0x15230000)]
  0x010ab800 JavaThread "C1 CompilerThread0" daemon [_thread_blocked, id=7172, stack(0x153a0000,0x153f0000)]
  0x010aa400 JavaThread "Attach Listener" daemon [_thread_blocked, id=3120, stack(0x15430000,0x15480000)]
  0x010a7400 JavaThread "Signal Dispatcher" daemon [_thread_blocked, id=7920, stack(0x15350000,0x153a0000)]
  0x01086c00 JavaThread "Finalizer" daemon [_thread_blocked, id=7844, stack(0x04b80000,0x04bd0000)]
  0x01062000 JavaThread "Reference Handler" daemon [_thread_blocked, id=4648, stack(0x04aa0000,0x04af0000)]

Other Threads:
  0x0105b400 VMThread [stack: 0x04a30000,0x04a80000] [id=7528]
  0x010c9c00 WatcherThread [stack: 0x155c0000,0x15610000] [id=6972]

VM state:not at safepoint (normal execution)

VM Mutex/Monitor currently owned by a thread: None

Heap:
 def new generation   total 5184K, used 2999K [0x04c00000, 0x051a0000, 0x0a150000)
  eden space 4608K,  61% used [0x04c00000, 0x04ebf5d0, 0x05080000)
  from space 576K,  32% used [0x05080000, 0x050ae8a8, 0x05110000)
  to   space 576K,   0% used [0x05110000, 0x05110000, 0x051a0000)
 tenured generation   total 21164K, used 20592K [0x0a150000, 0x0b5fb000, 0x14c00000)
   the space 21164K,  97% used [0x0a150000, 0x0b56c2b0, 0x0b56c400, 0x0b5fb000)
 Metaspace       used 9728K, capacity 9974K, committed 10112K, reserved 10624K

Card table byte_map: [0x00ec0000,0x00f50000] byte_map_base: 0x00e9a000

Polling page: 0x00170000

CodeCache: size=32768Kb used=1135Kb max_used=1135Kb free=31632Kb
 bounds [0x02a10000, 0x02b30000, 0x04a10000]
 total_blobs=581 nmethods=338 adapters=174
 compilation: enabled

Compilation events (10 events):
Event: 5.020 Thread 0x010ab800  340             java.lang.Integer::intValue (5 bytes)
Event: 5.021 Thread 0x010ab800 nmethod 340 0x02b2afc8 code [0x02b2b0c0, 0x02b2b140]
Event: 5.025 Thread 0x010ab800  341             java.util.ArrayList$Itr::next (66 bytes)
Event: 5.025 Thread 0x010ab800 nmethod 341 0x02b2b188 code [0x02b2b2c0, 0x02b2b4b4]
Event: 6.463 Thread 0x010ab800  342             java.util.Calendar::internalSet (8 bytes)
Event: 6.463 Thread 0x010ab800 nmethod 342 0x02b2b6c8 code [0x02b2b7c0, 0x02b2b860]
Event: 6.465 Thread 0x010ab800  343             javax.swing.plaf.synth.SynthContext::getComponent (5 bytes)
Event: 6.465 Thread 0x010ab800 nmethod 343 0x02b2b908 code [0x02b2ba00, 0x02b2ba80]
Event: 7.022 Thread 0x010ab800  344   !         javax.swing.JComponent::getClientProperty (56 bytes)
Event: 7.022 Thread 0x010ab800 nmethod 344 0x02b2bac8 code [0x02b2bbe0, 0x02b2be4c]

GC Heap History (10 events):
Event: 0.290 GC heap before
{Heap before GC invocations=2 (full 0):
 def new generation   total 4928K, used 4707K [0x04c00000, 0x05150000, 0x0a150000)
  eden space 4416K,  99% used [0x04c00000, 0x0504f460, 0x05050000)
  from space 512K,  57% used [0x05050000, 0x05099988, 0x050d0000)
  to   space 512K,   0% used [0x050d0000, 0x050d0000, 0x05150000)
 tenured generation   total 10944K, used 1511K [0x0a150000, 0x0ac00000, 0x14c00000)
   the space 10944K,  13% used [0x0a150000, 0x0a2c9ec0, 0x0a2ca000, 0x0ac00000)
 Metaspace       used 6826K, capacity 7014K, committed 7040K, reserved 7552K
Event: 0.293 GC heap after
Heap after GC invocations=3 (full 0):
 def new generation   total 4928K, used 0K [0x04c00000, 0x05150000, 0x0a150000)
  eden space 4416K,   0% used [0x04c00000, 0x04c00000, 0x05050000)
  from space 512K,   0% used [0x050d0000, 0x050d0128, 0x05150000)
  to   space 512K,   0% used [0x05050000, 0x05050000, 0x050d0000)
 tenured generation   total 10944K, used 5946K [0x0a150000, 0x0ac00000, 0x14c00000)
   the space 10944K,  54% used [0x0a150000, 0x0a71eb48, 0x0a71ec00, 0x0ac00000)
 Metaspace       used 6826K, capacity 7014K, committed 7040K, reserved 7552K
}
Event: 0.362 GC heap before
{Heap before GC invocations=3 (full 0):
 def new generation   total 4928K, used 4416K [0x04c00000, 0x05150000, 0x0a150000)
  eden space 4416K, 100% used [0x04c00000, 0x05050000, 0x05050000)
  from space 512K,   0% used [0x050d0000, 0x050d0128, 0x05150000)
  to   space 512K,   0% used [0x05050000, 0x05050000, 0x050d0000)
 tenured generation   total 10944K, used 5946K [0x0a150000, 0x0ac00000, 0x14c00000)
   the space 10944K,  54% used [0x0a150000, 0x0a71eb48, 0x0a71ec00, 0x0ac00000)
 Metaspace       used 7417K, capacity 7595K, committed 7680K, reserved 8576K
Event: 0.364 GC heap after
Heap after GC invocations=4 (full 0):
 def new generation   total 4928K, used 160K [0x04c00000, 0x05150000, 0x0a150000)
  eden space 4416K,   0% used [0x04c00000, 0x04c00000, 0x05050000)
  from space 512K,  31% used [0x05050000, 0x050782b0, 0x050d0000)
  to   space 512K,   0% used [0x050d0000, 0x050d0000, 0x05150000)
 tenured generation   total 10944K, used 5946K [0x0a150000, 0x0ac00000, 0x14c00000)
   the space 10944K,  54% used [0x0a150000, 0x0a71eb48, 0x0a71ec00, 0x0ac00000)
 Metaspace       used 7417K, capacity 7595K, committed 7680K, reserved 8576K
}
Event: 0.464 GC heap before
{Heap before GC invocations=4 (full 0):
 def new generation   total 4928K, used 2725K [0x04c00000, 0x05150000, 0x0a150000)
  eden space 4416K,  58% used [0x04c00000, 0x04e814d8, 0x05050000)
  from space 512K,  31% used [0x05050000, 0x050782b0, 0x050d0000)
  to   space 512K,   0% used [0x050d0000, 0x050d0000, 0x05150000)
 tenured generation   total 10944K, used 5946K [0x0a150000, 0x0ac00000, 0x14c00000)
   the space 10944K,  54% used [0x0a150000, 0x0a71eb48, 0x0a71ec00, 0x0ac00000)
 Metaspace       used 8303K, capacity 8531K, committed 8576K, reserved 8576K
Event: 0.477 GC heap after
Heap after GC invocations=5 (full 1):
 def new generation   total 5184K, used 0K [0x04c00000, 0x051a0000, 0x0a150000)
  eden space 4608K,   0% used [0x04c00000, 0x04c00000, 0x05080000)
  from space 576K,   0% used [0x05080000, 0x05080000, 0x05110000)
  to   space 576K,   0% used [0x05110000, 0x05110000, 0x051a0000)
 tenured generation   total 11396K, used 6835K [0x0a150000, 0x0ac71000, 0x14c00000)
   the space 11396K,  59% used [0x0a150000, 0x0a7fcd48, 0x0a7fce00, 0x0ac71000)
 Metaspace       used 8303K, capacity 8531K, committed 8576K, reserved 8576K
}
Event: 1.624 GC heap before
{Heap before GC invocations=5 (full 1):
 def new generation   total 5184K, used 2318K [0x04c00000, 0x051a0000, 0x0a150000)
  eden space 4608K,  50% used [0x04c00000, 0x04e43b08, 0x05080000)
  from space 576K,   0% used [0x05080000, 0x05080000, 0x05110000)
  to   space 576K,   0% used [0x05110000, 0x05110000, 0x051a0000)
 tenured generation   total 21164K, used 16600K [0x0a150000, 0x0b5fb000, 0x14c00000)
   the space 21164K,  78% used [0x0a150000, 0x0b1863d8, 0x0b186400, 0x0b5fb000)
 Metaspace       used 8822K, capacity 9043K, committed 9088K, reserved 9600K
Event: 1.626 GC heap after
Heap after GC invocations=6 (full 1):
 def new generation   total 5184K, used 325K [0x04c00000, 0x051a0000, 0x0a150000)
  eden space 4608K,   0% used [0x04c00000, 0x04c00000, 0x05080000)
  from space 576K,  56% used [0x05110000, 0x05161720, 0x051a0000)
  to   space 576K,   0% used [0x05080000, 0x05080000, 0x05110000)
 tenured generation   total 21164K, used 16600K [0x0a150000, 0x0b5fb000, 0x14c00000)
   the space 21164K,  78% used [0x0a150000, 0x0b1863d8, 0x0b186400, 0x0b5fb000)
 Metaspace       used 8822K, capacity 9043K, committed 9088K, reserved 9600K
}
Event: 4.793 GC heap before
{Heap before GC invocations=6 (full 1):
 def new generation   total 5184K, used 4933K [0x04c00000, 0x051a0000, 0x0a150000)
  eden space 4608K, 100% used [0x04c00000, 0x05080000, 0x05080000)
  from space 576K,  56% used [0x05110000, 0x05161720, 0x051a0000)
  to   space 576K,   0% used [0x05080000, 0x05080000, 0x05110000)
 tenured generation   total 21164K, used 16600K [0x0a150000, 0x0b5fb000, 0x14c00000)
   the space 21164K,  78% used [0x0a150000, 0x0b1863d8, 0x0b186400, 0x0b5fb000)
 Metaspace       used 9090K, capacity 9299K, committed 9344K, reserved 9600K
Event: 4.796 GC heap after
Heap after GC invocations=7 (full 1):
 def new generation   total 5184K, used 186K [0x04c00000, 0x051a0000, 0x0a150000)
  eden space 4608K,   0% used [0x04c00000, 0x04c00000, 0x05080000)
  from space 576K,  32% used [0x05080000, 0x050ae8a8, 0x05110000)
  to   space 576K,   0% used [0x05110000, 0x05110000, 0x051a0000)
 tenured generation   total 21164K, used 20592K [0x0a150000, 0x0b5fb000, 0x14c00000)
   the space 21164K,  97% used [0x0a150000, 0x0b56c2b0, 0x0b56c400, 0x0b5fb000)
 Metaspace       used 9090K, capacity 9299K, committed 9344K, reserved 9600K
}

Deoptimization events (0 events):
No events

Internal exceptions (10 events):
Event: 0.191 Thread 0x00b8c400 Exception <a 'java/lang/ClassNotFoundException': ToolBar> (0x04ed8618) thrown at [C:\re\workspace\8-2-build-windows-i586-cygwin\jdk8u91\7017\hotspot\src\share\vm\classfile\systemDictionary.cpp, line 210]
Event: 0.191 Thread 0x00b8c400 Exception <a 'java/lang/ClassNotFoundException': ToggleButton> (0x04ed8b60) thrown at [C:\re\workspace\8-2-build-windows-i586-cygwin\jdk8u91\7017\hotspot\src\share\vm\classfile\systemDictionary.cpp, line 210]
Event: 0.191 Thread 0x00b8c400 Exception <a 'java/lang/ClassNotFoundException': javax/swing/JToolBarSeparator> (0x04ed8f68) thrown at [C:\re\workspace\8-2-build-windows-i586-cygwin\jdk8u91\7017\hotspot\src\share\vm\classfile\systemDictionary.cpp, line 210]
Event: 0.191 Thread 0x00b8c400 Exception <a 'java/lang/ClassNotFoundException': ToolBarSeparator> (0x04ed93c0) thrown at [C:\re\workspace\8-2-build-windows-i586-cygwin\jdk8u91\7017\hotspot\src\share\vm\classfile\systemDictionary.cpp, line 210]
Event: 0.191 Thread 0x00b8c400 Exception <a 'java/lang/ClassNotFoundException': ToolTip> (0x04ed9a68) thrown at [C:\re\workspace\8-2-build-windows-i586-cygwin\jdk8u91\7017\hotspot\src\share\vm\classfile\systemDictionary.cpp, line 210]
Event: 0.192 Thread 0x00b8c400 Exception <a 'java/lang/ClassNotFoundException': Tree> (0x04eda550) thrown at [C:\re\workspace\8-2-build-windows-i586-cygwin\jdk8u91\7017\hotspot\src\share\vm\classfile\systemDictionary.cpp, line 210]
Event: 0.192 Thread 0x00b8c400 Exception <a 'java/lang/ClassNotFoundException': Tree> (0x04edac58) thrown at [C:\re\workspace\8-2-build-windows-i586-cygwin\jdk8u91\7017\hotspot\src\share\vm\classfile\systemDictionary.cpp, line 210]
Event: 0.192 Thread 0x00b8c400 Exception <a 'java/lang/ClassNotFoundException': javax/swing/JTreeCell> (0x04edaf90) thrown at [C:\re\workspace\8-2-build-windows-i586-cygwin\jdk8u91\7017\hotspot\src\share\vm\classfile\systemDictionary.cpp, line 210]
Event: 0.192 Thread 0x00b8c400 Exception <a 'java/lang/ClassNotFoundException': TreeCell> (0x04edb3d8) thrown at [C:\re\workspace\8-2-build-windows-i586-cygwin\jdk8u91\7017\hotspot\src\share\vm\classfile\systemDictionary.cpp, line 210]
Event: 0.192 Thread 0x00b8c400 Exception <a 'java/lang/ClassNotFoundException': RootPane> (0x04edbd50) thrown at [C:\re\workspace\8-2-build-windows-i586-cygwin\jdk8u91\7017\hotspot\src\share\vm\classfile\systemDictionary.cpp, line 210]

Events (10 events):
Event: 5.022 loading class java/awt/image/ComponentSampleModel done
Event: 5.022 loading class java/awt/image/PixelInterleavedSampleModel done
Event: 5.022 loading class sun/awt/image/ByteInterleavedRaster
Event: 5.022 loading class sun/awt/image/ByteComponentRaster
Event: 5.022 loading class sun/awt/image/ByteComponentRaster done
Event: 5.022 loading class sun/awt/image/ByteInterleavedRaster done
Event: 5.025 loading class java/awt/geom/Path2D$Float$CopyIterator
Event: 5.026 loading class java/awt/geom/Path2D$Float$CopyIterator done
Event: 6.537 loading class java/awt/LightweightDispatcher$2
Event: 6.538 loading class java/awt/LightweightDispatcher$2 done


Dynamic libraries:
0x01300000 - 0x01333000 	C:\Program Files (x86)\Java\jdk1.8.0_91\bin\java.exe
0x76ea0000 - 0x77020000 	C:\Windows\SysWOW64\ntdll.dll
0x74da0000 - 0x74eb0000 	C:\Windows\syswow64\kernel32.dll
0x76920000 - 0x76967000 	C:\Windows\syswow64\KERNELBASE.dll
0x767b0000 - 0x76851000 	C:\Windows\syswow64\ADVAPI32.dll
0x74cd0000 - 0x74d7c000 	C:\Windows\syswow64\msvcrt.dll
0x74d80000 - 0x74d99000 	C:\Windows\SysWOW64\sechost.dll
0x75d50000 - 0x75e40000 	C:\Windows\syswow64\RPCRT4.dll
0x747b0000 - 0x74810000 	C:\Windows\syswow64\SspiCli.dll
0x747a0000 - 0x747ac000 	C:\Windows\syswow64\CRYPTBASE.dll
0x769a0000 - 0x76aa0000 	C:\Windows\syswow64\USER32.dll
0x76880000 - 0x76910000 	C:\Windows\syswow64\GDI32.dll
0x75be0000 - 0x75bea000 	C:\Windows\syswow64\LPK.dll
0x74eb0000 - 0x74f4d000 	C:\Windows\syswow64\USP10.dll
0x72560000 - 0x726fe000 	C:\Windows\WinSxS\x86_microsoft.windows.common-controls_6595b64144ccf1df_6.0.7601.18837_none_41e855142bd5705d\COMCTL32.dll
0x74a30000 - 0x74a87000 	C:\Windows\syswow64\SHLWAPI.dll
0x761a0000 - 0x76200000 	C:\Windows\system32\IMM32.DLL
0x75c80000 - 0x75d4c000 	C:\Windows\syswow64\MSCTF.dll
0x6a660000 - 0x6a71d000 	C:\Program Files (x86)\Java\jdk1.8.0_91\jre\bin\msvcr100.dll
0x5af60000 - 0x5b32a000 	C:\Program Files (x86)\Java\jdk1.8.0_91\jre\bin\client\jvm.dll
0x724d0000 - 0x724d7000 	C:\Windows\system32\WSOCK32.dll
0x75ba0000 - 0x75bd5000 	C:\Windows\syswow64\WS2_32.dll
0x76770000 - 0x76776000 	C:\Windows\syswow64\NSI.dll
0x71ed0000 - 0x71f02000 	C:\Windows\system32\WINMM.dll
0x72b90000 - 0x72b99000 	C:\Windows\system32\VERSION.dll
0x76860000 - 0x76865000 	C:\Windows\syswow64\PSAPI.DLL
0x6a8f0000 - 0x6a8fc000 	C:\Program Files (x86)\Java\jdk1.8.0_91\jre\bin\verify.dll
0x6a780000 - 0x6a7a1000 	C:\Program Files (x86)\Java\jdk1.8.0_91\jre\bin\java.dll
0x6a760000 - 0x6a773000 	C:\Program Files (x86)\Java\jdk1.8.0_91\jre\bin\zip.dll
0x74f50000 - 0x75b9c000 	C:\Windows\syswow64\SHELL32.dll
0x764d0000 - 0x7662d000 	C:\Windows\syswow64\ole32.dll
0x74820000 - 0x7482b000 	C:\Windows\syswow64\profapi.dll
0x614a0000 - 0x615e5000 	C:\Program Files (x86)\Java\jdk1.8.0_91\jre\bin\awt.dll
0x75bf0000 - 0x75c7f000 	C:\Windows\syswow64\OLEAUT32.dll
0x71500000 - 0x71580000 	C:\Windows\system32\uxtheme.dll
0x71c00000 - 0x71c13000 	C:\Windows\system32\dwmapi.dll
0x6a620000 - 0x6a659000 	C:\Program Files (x86)\Java\jdk1.8.0_91\jre\bin\fontmanager.dll
0x6a730000 - 0x6a756000 	C:\Program Files (x86)\Java\jdk1.8.0_91\jre\bin\jpeg.dll
0x6a600000 - 0x6a616000 	C:\Program Files (x86)\Java\jdk1.8.0_91\jre\bin\net.dll
0x72150000 - 0x7218c000 	C:\Windows\system32\mswsock.dll
0x71e90000 - 0x71e96000 	C:\Windows\System32\wship6.dll
0x6a5f0000 - 0x6a5ff000 	C:\Program Files (x86)\Java\jdk1.8.0_91\jre\bin\nio.dll
0x6a5b0000 - 0x6a5e2000 	C:\Program Files (x86)\Java\jdk1.8.0_91\jre\bin\t2k.dll
0x721c0000 - 0x721c5000 	C:\Windows\System32\wshtcpip.dll
0x72070000 - 0x720b4000 	C:\Windows\system32\DNSAPI.dll
0x72fb0000 - 0x72fcc000 	C:\Windows\system32\IPHLPAPI.DLL
0x72fa0000 - 0x72fa7000 	C:\Windows\system32\WINNSI.DLL
0x721d0000 - 0x721d6000 	C:\Windows\system32\rasadhlp.dll
0x721e0000 - 0x72218000 	C:\Windows\System32\fwpuclnt.dll
0x72390000 - 0x723a7000 	C:\Windows\system32\CRYPTSP.dll
0x72480000 - 0x724bb000 	C:\Windows\system32\rsaenh.dll
0x75e40000 - 0x75e57000 	C:\Windows\syswow64\USERENV.dll
0x71ea0000 - 0x71ead000 	C:\Windows\system32\dhcpcsvc6.DLL
0x71f50000 - 0x71f62000 	C:\Windows\system32\dhcpcsvc.DLL
0x16da0000 - 0x16f26000 	C:\Users\OSORIO\AppData\Local\Temp\BioMiniLib\UFScanner.dll
0x75eb0000 - 0x7604d000 	C:\Windows\syswow64\SETUPAPI.dll
0x76970000 - 0x76997000 	C:\Windows\syswow64\CFGMGR32.dll
0x748f0000 - 0x74902000 	C:\Windows\syswow64\DEVOBJ.dll
0x6a5a0000 - 0x6a5a9000 	C:\Windows\system32\HID.DLL
0x62930000 - 0x62a4c000 	C:\Windows\system32\MFC42.DLL
0x5ee30000 - 0x5eebc000 	C:\Windows\system32\ODBC32.dll
0x70f20000 - 0x70f71000 	C:\Windows\system32\WINSPOOL.DRV
0x5edf0000 - 0x5ee28000 	C:\Windows\system32\odbcint.dll
0x00b40000 - 0x00b77000 	C:\Users\OSORIO\AppData\Local\Temp\BioMiniLib\UFMatcher.dll
0x76780000 - 0x767af000 	C:\Windows\syswow64\WINTRUST.dll
0x76640000 - 0x76761000 	C:\Windows\syswow64\CRYPT32.dll
0x76e70000 - 0x76e7c000 	C:\Windows\syswow64\MSASN1.dll
0x6a4f0000 - 0x6a514000 	C:\Program Files (x86)\Java\jdk1.8.0_91\jre\bin\dcpr.dll
0x719d0000 - 0x71abb000 	C:\Windows\system32\dbghelp.dll

VM Arguments:
jvm_args: -Dfile.encoding=UTF-8 
java_command: GUI.Checador
java_class_path (initial): C:\Users\OSORIO\Documents\NetBeansProjects\Checador\postgresql-9.4.1208.jre6.jar;C:\Users\OSORIO\Documents\NetBeansProjects\Checador\jna.jar;C:\Users\OSORIO\Documents\NetBeansProjects\Checador\joda-time-2.9.4.jar;C:\Users\OSORIO\Documents\NetBeansProjects\Checador\joda-time-2.9.4-javadoc.jar;C:\Program Files\NetBeans 8.1\java\modules\ext\AbsoluteLayout.jar;C:\Users\OSORIO\Documents\NetBeansProjects\Checador\build\classes
Launcher Type: SUN_STANDARD

Environment Variables:
PATH=C:\ProgramData\Oracle\Java\javapath;C:\Windows\system32;C:\Windows;C:\Windows\System32\Wbem;C:\Windows\System32\WindowsPowerShell\v1.0\;C:\xampp\php;C:\ProgramData\ComposerSetup\bin;C:\Program Files (x86)\Suprema\UFE35\bin;C:\Program Files (x86)\pgmodeler;C:\Program Files (x86)\Suprema\UFE35\bin;C:\Program Files\Git\cmd;C:\Users\OSORIO\AppData\Roaming\Composer\vendor\bin;C:\Program Files\Java\jdk1.8.0_91\bin;C:\Program Files (x86)\SSH Communications Security\SSH Secure Shell;C:\Program Files (x86)\Suprema\UFE35\bin
USERNAME=OSORIO
OS=Windows_NT
PROCESSOR_IDENTIFIER=Intel64 Family 6 Model 58 Stepping 9, GenuineIntel



---------------  S Y S T E M  ---------------

OS: Windows 7 , 64 bit Build 7601 (6.1.7601.23418)

CPU:total 4 (2 cores per cpu, 2 threads per core) family 6 model 58 stepping 9, cmov, cx8, fxsr, mmx, sse, sse2, sse3, ssse3, sse4.1, sse4.2, popcnt, avx, clmul, erms, ht, tsc, tscinvbit, tscinv

Memory: 4k page, physical 8279396k(2198612k free), swap 16556932k(10074252k free)

vm_info: Java HotSpot(TM) Client VM (25.91-b15) for windows-x86 JRE (1.8.0_91-b15), built on May 20 2016 17:33:18 by "java_re" with MS VC++ 10.0 (VS2010)

time: Wed Oct 05 13:17:19 2016
elapsed time: 7 seconds (0d 0h 0m 7s)

