#
# A fatal error has been detected by the Java Runtime Environment:
#
#  EXCEPTION_ACCESS_VIOLATION (0xc0000005) at pc=0x00000000, pid=6632, tid=6236
#
# JRE version: Java(TM) SE Runtime Environment (8.0_91-b15) (build 1.8.0_91-b15)
# Java VM: Java HotSpot(TM) Client VM (25.91-b15 mixed mode windows-x86 )
# Problematic frame:
# C  0x00000000
#
# Failed to write core dump. Minidumps are not enabled by default on client versions of Windows
#
# If you would like to submit a bug report, please visit:
#   http://bugreport.java.com/bugreport/crash.jsp
# The crash happened outside the Java Virtual Machine in native code.
# See problematic frame for where to report the bug.
#

---------------  T H R E A D  ---------------

Current thread (0x15f81c00):  JavaThread "Thread-4" [_thread_in_native, id=6236, stack(0x16e20000,0x16e70000)]

siginfo: ExceptionCode=0xc0000005, ExceptionInformation=0x00000008 0x00000000

Registers:
EAX=0x168bfef0, EBX=0x00000000, ECX=0x19c670a0, EDX=0x16e6eb1c
ESP=0x16e6eaf8, EBP=0x16e6eb34, ESI=0x19c670a0, EDI=0x16e6eb58
EIP=0x00000000, EFLAGS=0x00010246

Top of Stack: (sp=0x16e6eaf8)
0x16e6eaf8:   16bbc5f7 16e6eb5c 16e6eb58 16e6eb1c
0x16e6eb08:   19a380f0 00000000 0005cc60 17340020
0x16e6eb18:   755116c3 00000000 00000028 00000000
0x16e6eb28:   00000000 00000448 19a380f0 00000000
0x16e6eb38:   16bad0c0 16e6eb5c 01e6eb58 00000000
0x16e6eb48:   755116b9 16bad36d 000000c3 16e6eb5c
0x16e6eb58:   00000002 00000525 00001033 00000000
0x16e6eb68:   00000001 16e6eb8c 0270ad50 16e6ebbc 

Instructions: (pc=0x00000000)
0xffffffe0:   


Register to memory mapping:

EAX=0x168bfef0 is an unknown value
EBX=0x00000000 is an unknown value
ECX=0x19c670a0 is an unknown value
EDX=0x16e6eb1c is pointing into the stack for thread: 0x15f81c00
ESP=0x16e6eaf8 is pointing into the stack for thread: 0x15f81c00
EBP=0x16e6eb34 is pointing into the stack for thread: 0x15f81c00
ESI=0x19c670a0 is an unknown value
EDI=0x16e6eb58 is pointing into the stack for thread: 0x15f81c00


Stack: [0x16e20000,0x16e70000],  sp=0x16e6eaf8,  free space=314k
Java frames: (J=compiled Java code, j=interpreted, Vv=VM code)
j  com.sun.jna.Function.invokeInt(I[Ljava/lang/Object;)I+0
j  com.sun.jna.Function.invoke([Ljava/lang/Object;Ljava/lang/Class;)Ljava/lang/Object;+309
J 310 C1 com.sun.jna.Function.invoke(Ljava/lang/Class;[Ljava/lang/Object;Ljava/util/Map;)Ljava/lang/Object; (530 bytes) @ 0x0280ac18 [0x0280a840+0x3d8]
j  com.sun.jna.Library$Handler.invoke(Ljava/lang/Object;Ljava/lang/reflect/Method;[Ljava/lang/Object;)Ljava/lang/Object;+344
j  com.sun.proxy.$Proxy0.UFS_CaptureSingleImage(Lcom/sun/jna/Pointer;)I+16
j  GUI.Checador$6.run()V+65
j  java.lang.Thread.run()V+11
v  ~StubRoutines::call_stub

---------------  P R O C E S S  ---------------

Java Threads: ( => current thread )
  0x15fd6800 JavaThread "Thread-0" daemon [_thread_in_native, id=656, stack(0x16540000,0x16590000)]
  0x15f7b000 JavaThread "TimerQueue" daemon [_thread_blocked, id=5252, stack(0x17f60000,0x17fb0000)]
=>0x15f81c00 JavaThread "Thread-4" [_thread_in_native, id=6236, stack(0x16e20000,0x16e70000)]
  0x15f70800 JavaThread "Thread-2" [_thread_blocked, id=5328, stack(0x16770000,0x167c0000)]
  0x021fc400 JavaThread "DestroyJavaVM" [_thread_blocked, id=4148, stack(0x02190000,0x021e0000)]
  0x15d6ac00 JavaThread "AWT-EventQueue-0" [_thread_blocked, id=276, stack(0x163f0000,0x16440000)]
  0x14e4cc00 JavaThread "AWT-Shutdown" [_thread_blocked, id=4348, stack(0x157a0000,0x157f0000)]
  0x14e4a000 JavaThread "Java2D Disposer" daemon [_thread_blocked, id=7028, stack(0x15440000,0x15490000)]
  0x14cce000 JavaThread "Service Thread" daemon [_thread_blocked, id=6976, stack(0x15510000,0x15560000)]
  0x14ccb800 JavaThread "C1 CompilerThread0" daemon [_thread_blocked, id=3828, stack(0x153b0000,0x15400000)]
  0x14cca400 JavaThread "Attach Listener" daemon [_thread_blocked, id=2056, stack(0x152b0000,0x15300000)]
  0x14cc7400 JavaThread "Signal Dispatcher" daemon [_thread_blocked, id=6320, stack(0x15330000,0x15380000)]
  0x14ca6c00 JavaThread "Finalizer" daemon [_thread_blocked, id=5224, stack(0x15100000,0x15150000)]
  0x14c82000 JavaThread "Reference Handler" daemon [_thread_blocked, id=5624, stack(0x15080000,0x150d0000)]

Other Threads:
  0x14c7b400 VMThread [stack: 0x14f10000,0x14f60000] [id=1168]
  0x14cd1000 WatcherThread [stack: 0x04770000,0x047c0000] [id=6384]

VM state:not at safepoint (normal execution)

VM Mutex/Monitor currently owned by a thread: None

Heap:
 def new generation   total 9472K, used 282K [0x04800000, 0x05240000, 0x09d50000)
  eden space 8448K,   3% used [0x04800000, 0x04846af8, 0x05040000)
  from space 1024K,   0% used [0x05040000, 0x05040000, 0x05140000)
  to   space 1024K,   0% used [0x05140000, 0x05140000, 0x05240000)
 tenured generation   total 20948K, used 11633K [0x09d50000, 0x0b1c5000, 0x14800000)
   the space 20948K,  55% used [0x09d50000, 0x0a8ac7f0, 0x0a8ac800, 0x0b1c5000)
 Metaspace       used 9770K, capacity 9988K, committed 10112K, reserved 10624K

Card table byte_map: [0x02300000,0x02390000] byte_map_base: 0x022dc000

Polling page: 0x00130000

CodeCache: size=32768Kb used=1343Kb max_used=1343Kb free=31424Kb
 bounds [0x02700000, 0x02850000, 0x04700000]
 total_blobs=694 nmethods=451 adapters=174
 compilation: enabled

Compilation events (10 events):
Event: 36.997 Thread 0x14ccb800  452             java.security.AccessControlContext::getCombiner (5 bytes)
Event: 36.997 Thread 0x14ccb800 nmethod 452 0x0284f248 code [0x0284f340, 0x0284f3c0]
Event: 36.997 Thread 0x14ccb800  453             java.security.AccessControlContext::<init> (63 bytes)
Event: 36.997 Thread 0x14ccb800 nmethod 453 0x0284f408 code [0x0284f510, 0x0284f62c]
Event: 36.997 Thread 0x14ccb800  454             java.security.AccessControlContext::getContext (5 bytes)
Event: 36.997 Thread 0x14ccb800 nmethod 454 0x0284f6c8 code [0x0284f7c0, 0x0284f840]
Event: 36.997 Thread 0x14ccb800  455             java.security.AccessControlContext::<init> (30 bytes)
Event: 36.997 Thread 0x14ccb800 nmethod 455 0x0284f888 code [0x0284f980, 0x0284fa40]
Event: 37.483 Thread 0x14ccb800  456             java.util.concurrent.ConcurrentLinkedQueue::offer (115 bytes)
Event: 37.483 Thread 0x14ccb800 nmethod 456 0x0284fa88 code [0x0284fb90, 0x0284fdac]

GC Heap History (10 events):
Event: 0.456 GC heap before
{Heap before GC invocations=3 (full 0):
 def new generation   total 4928K, used 4410K [0x04800000, 0x04d50000, 0x09d50000)
  eden space 4416K,  99% used [0x04800000, 0x04c4e8a8, 0x04c50000)
  from space 512K,   0% used [0x04cd0000, 0x04cd0128, 0x04d50000)
  to   space 512K,   0% used [0x04c50000, 0x04c50000, 0x04cd0000)
 tenured generation   total 10944K, used 5947K [0x09d50000, 0x0a800000, 0x14800000)
   the space 10944K,  54% used [0x09d50000, 0x0a31ec70, 0x0a31ee00, 0x0a800000)
 Metaspace       used 7433K, capacity 7627K, committed 7680K, reserved 8576K
Event: 0.457 GC heap after
Heap after GC invocations=4 (full 0):
 def new generation   total 4928K, used 171K [0x04800000, 0x04d50000, 0x09d50000)
  eden space 4416K,   0% used [0x04800000, 0x04800000, 0x04c50000)
  from space 512K,  33% used [0x04c50000, 0x04c7aeb8, 0x04cd0000)
  to   space 512K,   0% used [0x04cd0000, 0x04cd0000, 0x04d50000)
 tenured generation   total 10944K, used 5947K [0x09d50000, 0x0a800000, 0x14800000)
   the space 10944K,  54% used [0x09d50000, 0x0a31ec70, 0x0a31ee00, 0x0a800000)
 Metaspace       used 7433K, capacity 7627K, committed 7680K, reserved 8576K
}
Event: 0.544 GC heap before
{Heap before GC invocations=4 (full 0):
 def new generation   total 4928K, used 2431K [0x04800000, 0x04d50000, 0x09d50000)
  eden space 4416K,  51% used [0x04800000, 0x04a34f30, 0x04c50000)
  from space 512K,  33% used [0x04c50000, 0x04c7aeb8, 0x04cd0000)
  to   space 512K,   0% used [0x04cd0000, 0x04cd0000, 0x04d50000)
 tenured generation   total 10944K, used 5947K [0x09d50000, 0x0a800000, 0x14800000)
   the space 10944K,  54% used [0x09d50000, 0x0a31ec70, 0x0a31ee00, 0x0a800000)
 Metaspace       used 8163K, capacity 8401K, committed 8448K, reserved 8576K
Event: 0.557 GC heap after
Heap after GC invocations=5 (full 1):
 def new generation   total 5120K, used 0K [0x04800000, 0x04d80000, 0x09d50000)
  eden space 4608K,   0% used [0x04800000, 0x04800000, 0x04c80000)
  from space 512K,   0% used [0x04c80000, 0x04c80000, 0x04d00000)
  to   space 512K,   0% used [0x04d00000, 0x04d00000, 0x04d80000)
 tenured generation   total 11180K, used 6707K [0x09d50000, 0x0a83b000, 0x14800000)
   the space 11180K,  59% used [0x09d50000, 0x0a3dcfd0, 0x0a3dd000, 0x0a83b000)
 Metaspace       used 8163K, capacity 8401K, committed 8448K, reserved 8576K
}
Event: 1.275 GC heap before
{Heap before GC invocations=5 (full 1):
 def new generation   total 5120K, used 2489K [0x04800000, 0x04d80000, 0x09d50000)
  eden space 4608K,  54% used [0x04800000, 0x04a6e7a8, 0x04c80000)
  from space 512K,   0% used [0x04c80000, 0x04c80000, 0x04d00000)
  to   space 512K,   0% used [0x04d00000, 0x04d00000, 0x04d80000)
 tenured generation   total 20948K, used 16473K [0x09d50000, 0x0b1c5000, 0x14800000)
   the space 20948K,  78% used [0x09d50000, 0x0ad66660, 0x0ad66800, 0x0b1c5000)
 Metaspace       used 8802K, capacity 9011K, committed 9088K, reserved 9600K
Event: 1.278 GC heap after
Heap after GC invocations=6 (full 1):
 def new generation   total 5120K, used 420K [0x04800000, 0x04d80000, 0x09d50000)
  eden space 4608K,   0% used [0x04800000, 0x04800000, 0x04c80000)
  from space 512K,  82% used [0x04d00000, 0x04d69040, 0x04d80000)
  to   space 512K,   0% used [0x04c80000, 0x04c80000, 0x04d00000)
 tenured generation   total 20948K, used 16473K [0x09d50000, 0x0b1c5000, 0x14800000)
   the space 20948K,  78% used [0x09d50000, 0x0ad66660, 0x0ad66800, 0x0b1c5000)
 Metaspace       used 8802K, capacity 9011K, committed 9088K, reserved 9600K
}
Event: 4.734 GC heap before
{Heap before GC invocations=6 (full 1):
 def new generation   total 5120K, used 5011K [0x04800000, 0x04d80000, 0x09d50000)
  eden space 4608K,  99% used [0x04800000, 0x04c7bf98, 0x04c80000)
  from space 512K,  82% used [0x04d00000, 0x04d69040, 0x04d80000)
  to   space 512K,   0% used [0x04c80000, 0x04c80000, 0x04d00000)
 tenured generation   total 20948K, used 16473K [0x09d50000, 0x0b1c5000, 0x14800000)
   the space 20948K,  78% used [0x09d50000, 0x0ad66660, 0x0ad66800, 0x0b1c5000)
 Metaspace       used 9021K, capacity 9235K, committed 9344K, reserved 9600K
Event: 4.737 GC heap after
Heap after GC invocations=7 (full 1):
 def new generation   total 5120K, used 59K [0x04800000, 0x04d80000, 0x09d50000)
  eden space 4608K,   0% used [0x04800000, 0x04800000, 0x04c80000)
  from space 512K,  11% used [0x04c80000, 0x04c8efb0, 0x04d00000)
  to   space 512K,   0% used [0x04d00000, 0x04d00000, 0x04d80000)
 tenured generation   total 20948K, used 20690K [0x09d50000, 0x0b1c5000, 0x14800000)
   the space 20948K,  98% used [0x09d50000, 0x0b1848a0, 0x0b184a00, 0x0b1c5000)
 Metaspace       used 9021K, capacity 9235K, committed 9344K, reserved 9600K
}
Event: 36.852 GC heap before
{Heap before GC invocations=7 (full 1):
 def new generation   total 5120K, used 4667K [0x04800000, 0x04d80000, 0x09d50000)
  eden space 4608K, 100% used [0x04800000, 0x04c80000, 0x04c80000)
  from space 512K,  11% used [0x04c80000, 0x04c8efb0, 0x04d00000)
  to   space 512K,   0% used [0x04d00000, 0x04d00000, 0x04d80000)
 tenured generation   total 20948K, used 20690K [0x09d50000, 0x0b1c5000, 0x14800000)
   the space 20948K,  98% used [0x09d50000, 0x0b1848a0, 0x0b184a00, 0x0b1c5000)
 Metaspace       used 9776K, capacity 10006K, committed 10112K, reserved 10624K
Event: 36.864 GC heap after
Heap after GC invocations=8 (full 2):
 def new generation   total 9472K, used 0K [0x04800000, 0x05240000, 0x09d50000)
  eden space 8448K,   0% used [0x04800000, 0x04800000, 0x05040000)
  from space 1024K,   0% used [0x05040000, 0x05040000, 0x05140000)
  to   space 1024K,   0% used [0x05140000, 0x05140000, 0x05240000)
 tenured generation   total 20948K, used 11633K [0x09d50000, 0x0b1c5000, 0x14800000)
   the space 20948K,  55% used [0x09d50000, 0x0a8ac7f0, 0x0a8ac800, 0x0b1c5000)
 Metaspace       used 9768K, capacity 9988K, committed 10112K, reserved 10624K
}

Deoptimization events (0 events):
No events

Internal exceptions (10 events):
Event: 0.238 Thread 0x021fc400 Exception <a 'java/lang/ClassNotFoundException': ToolBar> (0x04ad89e8) thrown at [C:\re\workspace\8-2-build-windows-i586-cygwin\jdk8u91\7017\hotspot\src\share\vm\classfile\systemDictionary.cpp, line 210]
Event: 0.238 Thread 0x021fc400 Exception <a 'java/lang/ClassNotFoundException': ToggleButton> (0x04ad8f30) thrown at [C:\re\workspace\8-2-build-windows-i586-cygwin\jdk8u91\7017\hotspot\src\share\vm\classfile\systemDictionary.cpp, line 210]
Event: 0.238 Thread 0x021fc400 Exception <a 'java/lang/ClassNotFoundException': javax/swing/JToolBarSeparator> (0x04ad9338) thrown at [C:\re\workspace\8-2-build-windows-i586-cygwin\jdk8u91\7017\hotspot\src\share\vm\classfile\systemDictionary.cpp, line 210]
Event: 0.238 Thread 0x021fc400 Exception <a 'java/lang/ClassNotFoundException': ToolBarSeparator> (0x04ad9790) thrown at [C:\re\workspace\8-2-build-windows-i586-cygwin\jdk8u91\7017\hotspot\src\share\vm\classfile\systemDictionary.cpp, line 210]
Event: 0.238 Thread 0x021fc400 Exception <a 'java/lang/ClassNotFoundException': ToolTip> (0x04ad9e38) thrown at [C:\re\workspace\8-2-build-windows-i586-cygwin\jdk8u91\7017\hotspot\src\share\vm\classfile\systemDictionary.cpp, line 210]
Event: 0.239 Thread 0x021fc400 Exception <a 'java/lang/ClassNotFoundException': Tree> (0x04ada920) thrown at [C:\re\workspace\8-2-build-windows-i586-cygwin\jdk8u91\7017\hotspot\src\share\vm\classfile\systemDictionary.cpp, line 210]
Event: 0.239 Thread 0x021fc400 Exception <a 'java/lang/ClassNotFoundException': Tree> (0x04adb028) thrown at [C:\re\workspace\8-2-build-windows-i586-cygwin\jdk8u91\7017\hotspot\src\share\vm\classfile\systemDictionary.cpp, line 210]
Event: 0.239 Thread 0x021fc400 Exception <a 'java/lang/ClassNotFoundException': javax/swing/JTreeCell> (0x04adb360) thrown at [C:\re\workspace\8-2-build-windows-i586-cygwin\jdk8u91\7017\hotspot\src\share\vm\classfile\systemDictionary.cpp, line 210]
Event: 0.239 Thread 0x021fc400 Exception <a 'java/lang/ClassNotFoundException': TreeCell> (0x04adb7a8) thrown at [C:\re\workspace\8-2-build-windows-i586-cygwin\jdk8u91\7017\hotspot\src\share\vm\classfile\systemDictionary.cpp, line 210]
Event: 0.240 Thread 0x021fc400 Exception <a 'java/lang/ClassNotFoundException': RootPane> (0x04adc120) thrown at [C:\re\workspace\8-2-build-windows-i586-cygwin\jdk8u91\7017\hotspot\src\share\vm\classfile\systemDictionary.cpp, line 210]

Events (10 events):
Event: 28.541 Executing VM operation: RevokeBias done
Event: 36.852 Executing VM operation: GenCollectForAllocation
Event: 36.864 Executing VM operation: GenCollectForAllocation done
Event: 37.706 Thread 0x15fd6800 Thread added: 0x15fd6800
Event: 37.706 Thread 0x15fd7000 Thread added: 0x15fd7000
Event: 37.706 Thread 0x15fd7400 Thread added: 0x15fd7400
Event: 37.706 Thread 0x15fd7400 Thread exited: 0x15fd7400
Event: 37.707 loading class java/util/Vector$Itr
Event: 37.707 loading class java/util/Vector$Itr done
Event: 37.709 Thread 0x15fd7000 Thread exited: 0x15fd7000


Dynamic libraries:
0x00bf0000 - 0x00c23000 	C:\Program Files (x86)\Java\jdk1.8.0_91\bin\java.exe
0x77420000 - 0x775a0000 	C:\Windows\SysWOW64\ntdll.dll
0x75500000 - 0x75610000 	C:\Windows\syswow64\kernel32.dll
0x75230000 - 0x75277000 	C:\Windows\syswow64\KERNELBASE.dll
0x75050000 - 0x750f1000 	C:\Windows\syswow64\ADVAPI32.dll
0x75870000 - 0x7591c000 	C:\Windows\syswow64\msvcrt.dll
0x75950000 - 0x75969000 	C:\Windows\SysWOW64\sechost.dll
0x75750000 - 0x75840000 	C:\Windows\syswow64\RPCRT4.dll
0x74d30000 - 0x74d90000 	C:\Windows\syswow64\SspiCli.dll
0x74d20000 - 0x74d2c000 	C:\Windows\syswow64\CRYPTBASE.dll
0x75fc0000 - 0x760c0000 	C:\Windows\syswow64\USER32.dll
0x75290000 - 0x75320000 	C:\Windows\syswow64\GDI32.dll
0x753d0000 - 0x753da000 	C:\Windows\syswow64\LPK.dll
0x761c0000 - 0x7625d000 	C:\Windows\syswow64\USP10.dll
0x72ae0000 - 0x72c7e000 	C:\Windows\WinSxS\x86_microsoft.windows.common-controls_6595b64144ccf1df_6.0.7601.18837_none_41e855142bd5705d\COMCTL32.dll
0x75100000 - 0x75157000 	C:\Windows\syswow64\SHLWAPI.dll
0x75980000 - 0x759e0000 	C:\Windows\system32\IMM32.DLL
0x760c0000 - 0x7618c000 	C:\Windows\syswow64\MSCTF.dll
0x67e70000 - 0x67f2d000 	C:\Program Files (x86)\Java\jdk1.8.0_91\jre\bin\msvcr100.dll
0x66d60000 - 0x6712a000 	C:\Program Files (x86)\Java\jdk1.8.0_91\jre\bin\client\jvm.dll
0x72a50000 - 0x72a57000 	C:\Windows\system32\WSOCK32.dll
0x751f0000 - 0x75225000 	C:\Windows\syswow64\WS2_32.dll
0x75390000 - 0x75396000 	C:\Windows\syswow64\NSI.dll
0x72470000 - 0x724a2000 	C:\Windows\system32\WINMM.dll
0x74c50000 - 0x74c59000 	C:\Windows\system32\VERSION.dll
0x75970000 - 0x75975000 	C:\Windows\syswow64\PSAPI.DLL
0x72600000 - 0x7260c000 	C:\Program Files (x86)\Java\jdk1.8.0_91\jre\bin\verify.dll
0x68540000 - 0x68561000 	C:\Program Files (x86)\Java\jdk1.8.0_91\jre\bin\java.dll
0x68520000 - 0x68533000 	C:\Program Files (x86)\Java\jdk1.8.0_91\jre\bin\zip.dll
0x763d0000 - 0x7701c000 	C:\Windows\syswow64\SHELL32.dll
0x76270000 - 0x763cd000 	C:\Windows\syswow64\ole32.dll
0x753f0000 - 0x753fb000 	C:\Windows\syswow64\profapi.dll
0x67d20000 - 0x67e65000 	C:\Program Files (x86)\Java\jdk1.8.0_91\jre\bin\awt.dll
0x75160000 - 0x751ef000 	C:\Windows\syswow64\OLEAUT32.dll
0x71fe0000 - 0x72060000 	C:\Windows\system32\uxtheme.dll
0x71e90000 - 0x71ea3000 	C:\Windows\system32\dwmapi.dll
0x684e0000 - 0x68519000 	C:\Program Files (x86)\Java\jdk1.8.0_91\jre\bin\fontmanager.dll
0x684b0000 - 0x684d6000 	C:\Program Files (x86)\Java\jdk1.8.0_91\jre\bin\jpeg.dll
0x68490000 - 0x684a6000 	C:\Program Files (x86)\Java\jdk1.8.0_91\jre\bin\net.dll
0x72760000 - 0x7279c000 	C:\Windows\system32\mswsock.dll
0x71f20000 - 0x71f26000 	C:\Windows\System32\wship6.dll
0x723d0000 - 0x723df000 	C:\Program Files (x86)\Java\jdk1.8.0_91\jre\bin\nio.dll
0x68450000 - 0x68482000 	C:\Program Files (x86)\Java\jdk1.8.0_91\jre\bin\t2k.dll
0x71cf0000 - 0x71d07000 	C:\Windows\system32\CRYPTSP.dll
0x71980000 - 0x719bb000 	C:\Windows\system32\rsaenh.dll
0x76190000 - 0x761a7000 	C:\Windows\syswow64\USERENV.dll
0x74c10000 - 0x74c2c000 	C:\Windows\system32\IPHLPAPI.DLL
0x74c00000 - 0x74c07000 	C:\Windows\system32\WINNSI.DLL
0x72400000 - 0x7240d000 	C:\Windows\system32\dhcpcsvc6.DLL
0x723e0000 - 0x723f2000 	C:\Windows\system32\dhcpcsvc.DLL
0x16b80000 - 0x16d06000 	C:\Users\OSORIO\AppData\Local\Temp\BioMiniLib\UFScanner.dll
0x74ea0000 - 0x7503d000 	C:\Windows\syswow64\SETUPAPI.dll
0x75920000 - 0x75947000 	C:\Windows\syswow64\CFGMGR32.dll
0x754e0000 - 0x754f2000 	C:\Windows\syswow64\DEVOBJ.dll
0x687e0000 - 0x687e9000 	C:\Windows\system32\HID.DLL
0x66c40000 - 0x66d5c000 	C:\Windows\system32\MFC42.DLL
0x64850000 - 0x648dc000 	C:\Windows\system32\ODBC32.dll
0x71b30000 - 0x71b81000 	C:\Windows\system32\WINSPOOL.DRV
0x64810000 - 0x64848000 	C:\Windows\system32\odbcint.dll
0x15400000 - 0x15437000 	C:\Users\OSORIO\AppData\Local\Temp\BioMiniLib\UFMatcher.dll
0x753a0000 - 0x753cf000 	C:\Windows\syswow64\WINTRUST.dll
0x75610000 - 0x75731000 	C:\Windows\syswow64\CRYPT32.dll
0x75740000 - 0x7574c000 	C:\Windows\syswow64\MSASN1.dll
0x68420000 - 0x68444000 	C:\Program Files (x86)\Java\jdk1.8.0_91\jre\bin\dcpr.dll
0x724c0000 - 0x725ab000 	C:\Windows\system32\dbghelp.dll

VM Arguments:
jvm_args: -Dfile.encoding=UTF-8 
java_command: GUI.Checador
java_class_path (initial): C:\Users\OSORIO\Documents\NetBeansProjects\Checador\postgresql-9.4.1208.jre6.jar;C:\Users\OSORIO\Documents\NetBeansProjects\Checador\jna.jar;C:\Users\OSORIO\Documents\NetBeansProjects\Checador\joda-time-2.9.4.jar;C:\Users\OSORIO\Documents\NetBeansProjects\Checador\joda-time-2.9.4-javadoc.jar;C:\Program Files\NetBeans 8.1\java\modules\ext\AbsoluteLayout.jar;C:\Users\OSORIO\Documents\NetBeansProjects\Checador\build\classes
Launcher Type: SUN_STANDARD

Environment Variables:
PATH=C:\ProgramData\Oracle\Java\javapath;C:\Windows\system32;C:\Windows;C:\Windows\System32\Wbem;C:\Windows\System32\WindowsPowerShell\v1.0\;C:\xampp\php;C:\ProgramData\ComposerSetup\bin;C:\Program Files (x86)\Suprema\UFE35\bin;C:\Program Files (x86)\pgmodeler;C:\Program Files (x86)\Suprema\UFE35\bin;C:\Program Files\Git\cmd;C:\Users\OSORIO\AppData\Roaming\Composer\vendor\bin;C:\Program Files\Java\jdk1.8.0_91\bin;C:\Program Files (x86)\SSH Communications Security\SSH Secure Shell;C:\Program Files (x86)\Suprema\UFE35\bin;C:\Users\OSORIO\AppData\Local\atom\bin
USERNAME=OSORIO
OS=Windows_NT
PROCESSOR_IDENTIFIER=Intel64 Family 6 Model 58 Stepping 9, GenuineIntel



---------------  S Y S T E M  ---------------

OS: Windows 7 , 64 bit Build 7601 (6.1.7601.23418)

CPU:total 4 (2 cores per cpu, 2 threads per core) family 6 model 58 stepping 9, cmov, cx8, fxsr, mmx, sse, sse2, sse3, ssse3, sse4.1, sse4.2, popcnt, avx, clmul, erms, ht, tsc, tscinvbit, tscinv

Memory: 4k page, physical 8279404k(3177348k free), swap 16556948k(11575036k free)

vm_info: Java HotSpot(TM) Client VM (25.91-b15) for windows-x86 JRE (1.8.0_91-b15), built on May 20 2016 17:33:18 by "java_re" with MS VC++ 10.0 (VS2010)

time: Thu Dec 08 07:56:50 2016
elapsed time: 37 seconds (0d 0h 0m 37s)

