#
# A fatal error has been detected by the Java Runtime Environment:
#
#  EXCEPTION_ACCESS_VIOLATION (0xc0000005) at pc=0x00000000, pid=8892, tid=6416
#
# JRE version: Java(TM) SE Runtime Environment (8.0_91-b15) (build 1.8.0_91-b15)
# Java VM: Java HotSpot(TM) Client VM (25.91-b15 mixed mode windows-x86 )
# Problematic frame:
# C  0x00000000
#
# Failed to write core dump. Minidumps are not enabled by default on client versions of Windows
#
# If you would like to submit a bug report, please visit:
#   http://bugreport.java.com/bugreport/crash.jsp
# The crash happened outside the Java Virtual Machine in native code.
# See problematic frame for where to report the bug.
#

---------------  T H R E A D  ---------------

Current thread (0x16116800):  JavaThread "Thread-4" [_thread_in_native, id=6416, stack(0x174e0000,0x17530000)]

siginfo: ExceptionCode=0xc0000005, ExceptionInformation=0x00000008 0x00000000

Registers:
EAX=0x1697ff20, EBX=0x00000000, ECX=0x19c770a0, EDX=0x1752f2b0
ESP=0x1752f28c, EBP=0x1752f2c8, ESI=0x19c770a0, EDI=0x1752f2ec
EIP=0x00000000, EFLAGS=0x00010246

Top of Stack: (sp=0x1752f28c)
0x1752f28c:   16bbc5f7 1752f2f0 1752f2ec 1752f2b0
0x1752f29c:   1697fef0 00000000 16116800 19c4a008
0x1752f2ac:   19c4a0cb 00000000 00000028 00000000
0x1752f2bc:   00000000 00000424 1697fef0 00000000
0x1752f2cc:   16bad0c0 1752f2f0 0152f2ec 00000000
0x1752f2dc:   19c4a008 16bad5a7 000000cb 1752f2f0
0x1752f2ec:   00000002 00000000 00000000 00000001
0x1752f2fc:   1752f31c 0272ad50 1752f34c 6014f02e 

Instructions: (pc=0x00000000)
0xffffffe0:   


Register to memory mapping:

EAX=0x1697ff20 is an unknown value
EBX=0x00000000 is an unknown value
ECX=0x19c770a0 is an unknown value
EDX=0x1752f2b0 is pointing into the stack for thread: 0x16116800
ESP=0x1752f28c is pointing into the stack for thread: 0x16116800
EBP=0x1752f2c8 is pointing into the stack for thread: 0x16116800
ESI=0x19c770a0 is an unknown value
EDI=0x1752f2ec is pointing into the stack for thread: 0x16116800


Stack: [0x174e0000,0x17530000],  sp=0x1752f28c,  free space=316k
Java frames: (J=compiled Java code, j=interpreted, Vv=VM code)
j  com.sun.jna.Function.invokeInt(I[Ljava/lang/Object;)I+0
j  com.sun.jna.Function.invoke([Ljava/lang/Object;Ljava/lang/Class;)Ljava/lang/Object;+309
j  com.sun.jna.Function.invoke(Ljava/lang/Class;[Ljava/lang/Object;Ljava/util/Map;)Ljava/lang/Object;+194
j  com.sun.jna.Library$Handler.invoke(Ljava/lang/Object;Ljava/lang/reflect/Method;[Ljava/lang/Object;)Ljava/lang/Object;+344
j  com.sun.proxy.$Proxy0.UFS_CaptureSingleImage(Lcom/sun/jna/Pointer;)I+16
j  GUI.Checador$6.run()V+65
j  java.lang.Thread.run()V+11
v  ~StubRoutines::call_stub

---------------  P R O C E S S  ---------------

Java Threads: ( => current thread )
=>0x16116800 JavaThread "Thread-4" [_thread_in_native, id=6416, stack(0x174e0000,0x17530000)]
  0x16139800 JavaThread "Thread-2" [_thread_blocked, id=7520, stack(0x16830000,0x16880000)]
  0x15f96c00 JavaThread "Image Fetcher 0" daemon [_thread_blocked, id=8284, stack(0x15a60000,0x15ab0000)]
  0x0082c400 JavaThread "DestroyJavaVM" [_thread_blocked, id=8736, stack(0x00420000,0x00470000)]
  0x15f4d800 JavaThread "AWT-EventQueue-0" [_thread_blocked, id=8644, stack(0x15770000,0x157c0000)]
  0x14e53000 JavaThread "AWT-Shutdown" [_thread_blocked, id=6652, stack(0x157e0000,0x15830000)]
  0x14e50400 JavaThread "Java2D Disposer" daemon [_thread_blocked, id=8852, stack(0x155c0000,0x15610000)]
  0x14ced400 JavaThread "Service Thread" daemon [_thread_blocked, id=8528, stack(0x14ec0000,0x14f10000)]
  0x14ccb400 JavaThread "C1 CompilerThread0" daemon [_thread_blocked, id=4084, stack(0x15010000,0x15060000)]
  0x14cca400 JavaThread "Attach Listener" daemon [_thread_blocked, id=912, stack(0x15280000,0x152d0000)]
  0x14cc7400 JavaThread "Signal Dispatcher" daemon [_thread_blocked, id=8004, stack(0x152d0000,0x15320000)]
  0x14ca6c00 JavaThread "Finalizer" daemon [_thread_blocked, id=8348, stack(0x14fc0000,0x15010000)]
  0x14c82000 JavaThread "Reference Handler" daemon [_thread_blocked, id=6284, stack(0x15060000,0x150b0000)]

Other Threads:
  0x14c7b400 VMThread [stack: 0x14f70000,0x14fc0000] [id=8976]
  0x14ccfc00 WatcherThread [stack: 0x15470000,0x154c0000] [id=7660]

VM state:not at safepoint (normal execution)

VM Mutex/Monitor currently owned by a thread: None

Heap:
 def new generation   total 5120K, used 4924K [0x04800000, 0x04d80000, 0x09d50000)
  eden space 4608K,  97% used [0x04800000, 0x04c67918, 0x04c80000)
  from space 512K,  80% used [0x04d00000, 0x04d67ab8, 0x04d80000)
  to   space 512K,   0% used [0x04c80000, 0x04c80000, 0x04d00000)
 tenured generation   total 20956K, used 16477K [0x09d50000, 0x0b1c7000, 0x14800000)
   the space 20956K,  78% used [0x09d50000, 0x0ad67530, 0x0ad67600, 0x0b1c7000)
 Metaspace       used 8967K, capacity 9174K, committed 9216K, reserved 9600K

Card table byte_map: [0x00f20000,0x00fb0000] byte_map_base: 0x00efc000

Polling page: 0x001e0000

CodeCache: size=32768Kb used=1052Kb max_used=1055Kb free=31716Kb
 bounds [0x02720000, 0x02828000, 0x04720000]
 total_blobs=538 nmethods=296 adapters=173
 compilation: enabled

Compilation events (10 events):
Event: 2.143 Thread 0x14ccb400  294             javax.swing.JComponent::contains (27 bytes)
Event: 2.144 Thread 0x14ccb400 nmethod 294 0x027fc408 code [0x027fc500, 0x027fc630]
Event: 3.103 Thread 0x14ccb400  295             java.awt.Container::findComponentAtImpl (161 bytes)
Event: 3.104 Thread 0x14ccb400 nmethod 295 0x027fbd48 code [0x027fbeb0, 0x027fc194]
Event: 3.239 Thread 0x14ccb400  296             java.awt.AWTEvent::getID (5 bytes)
Event: 3.239 Thread 0x14ccb400 nmethod 296 0x027fbb88 code [0x027fbc80, 0x027fbd00]
Event: 3.263 Thread 0x14ccb400  297             java.util.concurrent.locks.AbstractOwnableSynchronizer::setExclusiveOwnerThread (6 bytes)
Event: 3.264 Thread 0x14ccb400 nmethod 297 0x027fb9c8 code [0x027fbac0, 0x027fbb50]
Event: 3.351 Thread 0x14ccb400  298             sun.awt.AWTAutoShutdown::getInstance (4 bytes)
Event: 3.352 Thread 0x14ccb400 nmethod 298 0x027fb808 code [0x027fb900, 0x027fb970]

GC Heap History (10 events):
Event: 0.363 GC heap before
{Heap before GC invocations=1 (full 0):
 def new generation   total 4928K, used 1057K [0x04800000, 0x04d50000, 0x09d50000)
  eden space 4416K,  12% used [0x04800000, 0x048886f8, 0x04c50000)
  from space 512K, 100% used [0x04cd0000, 0x04d50000, 0x04d50000)
  to   space 512K,   0% used [0x04c50000, 0x04c50000, 0x04cd0000)
 tenured generation   total 10944K, used 1008K [0x09d50000, 0x0a800000, 0x14800000)
   the space 10944K,   9% used [0x09d50000, 0x09e4c230, 0x09e4c400, 0x0a800000)
 Metaspace       used 6827K, capacity 7014K, committed 7040K, reserved 7552K
Event: 0.366 GC heap after
Heap after GC invocations=2 (full 0):
 def new generation   total 4928K, used 295K [0x04800000, 0x04d50000, 0x09d50000)
  eden space 4416K,   0% used [0x04800000, 0x04800000, 0x04c50000)
  from space 512K,  57% used [0x04c50000, 0x04c99d88, 0x04cd0000)
  to   space 512K,   0% used [0x04cd0000, 0x04cd0000, 0x04d50000)
 tenured generation   total 10944K, used 1510K [0x09d50000, 0x0a800000, 0x14800000)
   the space 10944K,  13% used [0x09d50000, 0x09ec9be0, 0x09ec9c00, 0x0a800000)
 Metaspace       used 6827K, capacity 7014K, committed 7040K, reserved 7552K
}
Event: 0.369 GC heap before
{Heap before GC invocations=2 (full 0):
 def new generation   total 4928K, used 4708K [0x04800000, 0x04d50000, 0x09d50000)
  eden space 4416K,  99% used [0x04800000, 0x04c4f430, 0x04c50000)
  from space 512K,  57% used [0x04c50000, 0x04c99d88, 0x04cd0000)
  to   space 512K,   0% used [0x04cd0000, 0x04cd0000, 0x04d50000)
 tenured generation   total 10944K, used 1510K [0x09d50000, 0x0a800000, 0x14800000)
   the space 10944K,  13% used [0x09d50000, 0x09ec9be0, 0x09ec9c00, 0x0a800000)
 Metaspace       used 6827K, capacity 7014K, committed 7040K, reserved 7552K
Event: 0.373 GC heap after
Heap after GC invocations=3 (full 0):
 def new generation   total 4928K, used 0K [0x04800000, 0x04d50000, 0x09d50000)
  eden space 4416K,   0% used [0x04800000, 0x04800000, 0x04c50000)
  from space 512K,   0% used [0x04cd0000, 0x04cd0128, 0x04d50000)
  to   space 512K,   0% used [0x04c50000, 0x04c50000, 0x04cd0000)
 tenured generation   total 10944K, used 5947K [0x09d50000, 0x0a800000, 0x14800000)
   the space 10944K,  54% used [0x09d50000, 0x0a31ec68, 0x0a31ee00, 0x0a800000)
 Metaspace       used 6827K, capacity 7014K, committed 7040K, reserved 7552K
}
Event: 0.486 GC heap before
{Heap before GC invocations=3 (full 0):
 def new generation   total 4928K, used 4410K [0x04800000, 0x04d50000, 0x09d50000)
  eden space 4416K,  99% used [0x04800000, 0x04c4e8a8, 0x04c50000)
  from space 512K,   0% used [0x04cd0000, 0x04cd0128, 0x04d50000)
  to   space 512K,   0% used [0x04c50000, 0x04c50000, 0x04cd0000)
 tenured generation   total 10944K, used 5947K [0x09d50000, 0x0a800000, 0x14800000)
   the space 10944K,  54% used [0x09d50000, 0x0a31ec68, 0x0a31ee00, 0x0a800000)
 Metaspace       used 7433K, capacity 7627K, committed 7680K, reserved 8576K
Event: 0.488 GC heap after
Heap after GC invocations=4 (full 0):
 def new generation   total 4928K, used 171K [0x04800000, 0x04d50000, 0x09d50000)
  eden space 4416K,   0% used [0x04800000, 0x04800000, 0x04c50000)
  from space 512K,  33% used [0x04c50000, 0x04c7aeb8, 0x04cd0000)
  to   space 512K,   0% used [0x04cd0000, 0x04cd0000, 0x04d50000)
 tenured generation   total 10944K, used 5947K [0x09d50000, 0x0a800000, 0x14800000)
   the space 10944K,  54% used [0x09d50000, 0x0a31ec68, 0x0a31ee00, 0x0a800000)
 Metaspace       used 7433K, capacity 7627K, committed 7680K, reserved 8576K
}
Event: 0.585 GC heap before
{Heap before GC invocations=4 (full 0):
 def new generation   total 4928K, used 2460K [0x04800000, 0x04d50000, 0x09d50000)
  eden space 4416K,  51% used [0x04800000, 0x04a3c540, 0x04c50000)
  from space 512K,  33% used [0x04c50000, 0x04c7aeb8, 0x04cd0000)
  to   space 512K,   0% used [0x04cd0000, 0x04cd0000, 0x04d50000)
 tenured generation   total 10944K, used 5947K [0x09d50000, 0x0a800000, 0x14800000)
   the space 10944K,  54% used [0x09d50000, 0x0a31ec68, 0x0a31ee00, 0x0a800000)
 Metaspace       used 8164K, capacity 8403K, committed 8448K, reserved 8576K
Event: 0.595 GC heap after
Heap after GC invocations=5 (full 1):
 def new generation   total 5120K, used 0K [0x04800000, 0x04d80000, 0x09d50000)
  eden space 4608K,   0% used [0x04800000, 0x04800000, 0x04c80000)
  from space 512K,   0% used [0x04c80000, 0x04c80000, 0x04d00000)
  to   space 512K,   0% used [0x04d00000, 0x04d00000, 0x04d80000)
 tenured generation   total 11188K, used 6711K [0x09d50000, 0x0a83d000, 0x14800000)
   the space 11188K,  59% used [0x09d50000, 0x0a3ddea0, 0x0a3de000, 0x0a83d000)
 Metaspace       used 8164K, capacity 8403K, committed 8448K, reserved 8576K
}
Event: 1.274 GC heap before
{Heap before GC invocations=5 (full 1):
 def new generation   total 5120K, used 2387K [0x04800000, 0x04d80000, 0x09d50000)
  eden space 4608K,  51% used [0x04800000, 0x04a54fe8, 0x04c80000)
  from space 512K,   0% used [0x04c80000, 0x04c80000, 0x04d00000)
  to   space 512K,   0% used [0x04d00000, 0x04d00000, 0x04d80000)
 tenured generation   total 20956K, used 16477K [0x09d50000, 0x0b1c7000, 0x14800000)
   the space 20956K,  78% used [0x09d50000, 0x0ad67530, 0x0ad67600, 0x0b1c7000)
 Metaspace       used 8802K, capacity 9011K, committed 9088K, reserved 9600K
Event: 1.276 GC heap after
Heap after GC invocations=6 (full 1):
 def new generation   total 5120K, used 414K [0x04800000, 0x04d80000, 0x09d50000)
  eden space 4608K,   0% used [0x04800000, 0x04800000, 0x04c80000)
  from space 512K,  80% used [0x04d00000, 0x04d67ab8, 0x04d80000)
  to   space 512K,   0% used [0x04c80000, 0x04c80000, 0x04d00000)
 tenured generation   total 20956K, used 16477K [0x09d50000, 0x0b1c7000, 0x14800000)
   the space 20956K,  78% used [0x09d50000, 0x0ad67530, 0x0ad67600, 0x0b1c7000)
 Metaspace       used 8802K, capacity 9011K, committed 9088K, reserved 9600K
}

Deoptimization events (0 events):
No events

Internal exceptions (10 events):
Event: 0.240 Thread 0x0082c400 Exception <a 'java/lang/ClassNotFoundException': ToolBar> (0x04ad8958) thrown at [C:\re\workspace\8-2-build-windows-i586-cygwin\jdk8u91\7017\hotspot\src\share\vm\classfile\systemDictionary.cpp, line 210]
Event: 0.240 Thread 0x0082c400 Exception <a 'java/lang/ClassNotFoundException': ToggleButton> (0x04ad8ea0) thrown at [C:\re\workspace\8-2-build-windows-i586-cygwin\jdk8u91\7017\hotspot\src\share\vm\classfile\systemDictionary.cpp, line 210]
Event: 0.241 Thread 0x0082c400 Exception <a 'java/lang/ClassNotFoundException': javax/swing/JToolBarSeparator> (0x04ad92a8) thrown at [C:\re\workspace\8-2-build-windows-i586-cygwin\jdk8u91\7017\hotspot\src\share\vm\classfile\systemDictionary.cpp, line 210]
Event: 0.241 Thread 0x0082c400 Exception <a 'java/lang/ClassNotFoundException': ToolBarSeparator> (0x04ad9700) thrown at [C:\re\workspace\8-2-build-windows-i586-cygwin\jdk8u91\7017\hotspot\src\share\vm\classfile\systemDictionary.cpp, line 210]
Event: 0.241 Thread 0x0082c400 Exception <a 'java/lang/ClassNotFoundException': ToolTip> (0x04ad9da8) thrown at [C:\re\workspace\8-2-build-windows-i586-cygwin\jdk8u91\7017\hotspot\src\share\vm\classfile\systemDictionary.cpp, line 210]
Event: 0.242 Thread 0x0082c400 Exception <a 'java/lang/ClassNotFoundException': Tree> (0x04ada890) thrown at [C:\re\workspace\8-2-build-windows-i586-cygwin\jdk8u91\7017\hotspot\src\share\vm\classfile\systemDictionary.cpp, line 210]
Event: 0.242 Thread 0x0082c400 Exception <a 'java/lang/ClassNotFoundException': Tree> (0x04adaf98) thrown at [C:\re\workspace\8-2-build-windows-i586-cygwin\jdk8u91\7017\hotspot\src\share\vm\classfile\systemDictionary.cpp, line 210]
Event: 0.242 Thread 0x0082c400 Exception <a 'java/lang/ClassNotFoundException': javax/swing/JTreeCell> (0x04adb2d0) thrown at [C:\re\workspace\8-2-build-windows-i586-cygwin\jdk8u91\7017\hotspot\src\share\vm\classfile\systemDictionary.cpp, line 210]
Event: 0.242 Thread 0x0082c400 Exception <a 'java/lang/ClassNotFoundException': TreeCell> (0x04adb718) thrown at [C:\re\workspace\8-2-build-windows-i586-cygwin\jdk8u91\7017\hotspot\src\share\vm\classfile\systemDictionary.cpp, line 210]
Event: 0.242 Thread 0x0082c400 Exception <a 'java/lang/ClassNotFoundException': RootPane> (0x04adc090) thrown at [C:\re\workspace\8-2-build-windows-i586-cygwin\jdk8u91\7017\hotspot\src\share\vm\classfile\systemDictionary.cpp, line 210]

Events (10 events):
Event: 1.312 loading class java/text/AttributedString$AttributedStringIterator
Event: 1.312 loading class java/text/AttributedCharacterIterator
Event: 1.312 loading class java/text/CharacterIterator
Event: 1.312 loading class java/text/CharacterIterator done
Event: 1.312 loading class java/text/AttributedCharacterIterator done
Event: 1.312 loading class java/text/AttributedString$AttributedStringIterator done
Event: 1.312 loading class java/util/concurrent/locks/LockSupport
Event: 1.312 loading class java/util/concurrent/locks/LockSupport done
Event: 2.159 loading class java/awt/LightweightDispatcher$2
Event: 2.160 loading class java/awt/LightweightDispatcher$2 done


Dynamic libraries:
0x00fb0000 - 0x00fe3000 	C:\Program Files (x86)\Java\jdk1.8.0_91\bin\java.exe
0x77c40000 - 0x77dc0000 	C:\Windows\SysWOW64\ntdll.dll
0x75800000 - 0x75910000 	C:\Windows\syswow64\kernel32.dll
0x774d0000 - 0x77517000 	C:\Windows\syswow64\KERNELBASE.dll
0x77420000 - 0x774c1000 	C:\Windows\syswow64\ADVAPI32.dll
0x77770000 - 0x7781c000 	C:\Windows\syswow64\msvcrt.dll
0x77820000 - 0x77839000 	C:\Windows\SysWOW64\sechost.dll
0x75710000 - 0x75800000 	C:\Windows\syswow64\RPCRT4.dll
0x75550000 - 0x755b0000 	C:\Windows\syswow64\SspiCli.dll
0x75540000 - 0x7554c000 	C:\Windows\syswow64\CRYPTBASE.dll
0x755c0000 - 0x756c0000 	C:\Windows\syswow64\USER32.dll
0x762e0000 - 0x76370000 	C:\Windows\syswow64\GDI32.dll
0x75be0000 - 0x75bea000 	C:\Windows\syswow64\LPK.dll
0x766a0000 - 0x7673d000 	C:\Windows\syswow64\USP10.dll
0x73300000 - 0x7349e000 	C:\Windows\WinSxS\x86_microsoft.windows.common-controls_6595b64144ccf1df_6.0.7601.18837_none_41e855142bd5705d\COMCTL32.dll
0x76400000 - 0x76457000 	C:\Windows\syswow64\SHLWAPI.dll
0x75b80000 - 0x75be0000 	C:\Windows\system32\IMM32.DLL
0x75910000 - 0x759dc000 	C:\Windows\syswow64\MSCTF.dll
0x70980000 - 0x70a3d000 	C:\Program Files (x86)\Java\jdk1.8.0_91\jre\bin\msvcr100.dll
0x5ff30000 - 0x602fa000 	C:\Program Files (x86)\Java\jdk1.8.0_91\jre\bin\client\jvm.dll
0x73270000 - 0x73277000 	C:\Windows\system32\WSOCK32.dll
0x75b40000 - 0x75b75000 	C:\Windows\syswow64\WS2_32.dll
0x76460000 - 0x76466000 	C:\Windows\syswow64\NSI.dll
0x72b90000 - 0x72bc2000 	C:\Windows\system32\WINMM.dll
0x75470000 - 0x75479000 	C:\Windows\system32\VERSION.dll
0x77410000 - 0x77415000 	C:\Windows\syswow64\PSAPI.DLL
0x74550000 - 0x7455c000 	C:\Program Files (x86)\Java\jdk1.8.0_91\jre\bin\verify.dll
0x70ad0000 - 0x70af1000 	C:\Program Files (x86)\Java\jdk1.8.0_91\jre\bin\java.dll
0x72ca0000 - 0x72cb3000 	C:\Program Files (x86)\Java\jdk1.8.0_91\jre\bin\zip.dll
0x76740000 - 0x7738c000 	C:\Windows\syswow64\SHELL32.dll
0x75d90000 - 0x75eed000 	C:\Windows\syswow64\ole32.dll
0x76470000 - 0x7647b000 	C:\Windows\syswow64\profapi.dll
0x70830000 - 0x70975000 	C:\Program Files (x86)\Java\jdk1.8.0_91\jre\bin\awt.dll
0x76150000 - 0x761df000 	C:\Windows\syswow64\OLEAUT32.dll
0x725b0000 - 0x72630000 	C:\Windows\system32\uxtheme.dll
0x72c70000 - 0x72c83000 	C:\Windows\system32\dwmapi.dll
0x70a90000 - 0x70ac9000 	C:\Program Files (x86)\Java\jdk1.8.0_91\jre\bin\fontmanager.dll
0x70a60000 - 0x70a86000 	C:\Program Files (x86)\Java\jdk1.8.0_91\jre\bin\jpeg.dll
0x70a40000 - 0x70a56000 	C:\Program Files (x86)\Java\jdk1.8.0_91\jre\bin\net.dll
0x72f10000 - 0x72f4c000 	C:\Windows\system32\mswsock.dll
0x72a90000 - 0x72a96000 	C:\Windows\System32\wship6.dll
0x74530000 - 0x7453f000 	C:\Program Files (x86)\Java\jdk1.8.0_91\jre\bin\nio.dll
0x61430000 - 0x61462000 	C:\Program Files (x86)\Java\jdk1.8.0_91\jre\bin\t2k.dll
0x73230000 - 0x73247000 	C:\Windows\system32\CRYPTSP.dll
0x731f0000 - 0x7322b000 	C:\Windows\system32\rsaenh.dll
0x756d0000 - 0x756e7000 	C:\Windows\syswow64\USERENV.dll
0x73d40000 - 0x73d5c000 	C:\Windows\system32\IPHLPAPI.DLL
0x73d30000 - 0x73d37000 	C:\Windows\system32\WINNSI.DLL
0x72b50000 - 0x72b5d000 	C:\Windows\system32\dhcpcsvc6.DLL
0x72c10000 - 0x72c22000 	C:\Windows\system32\dhcpcsvc.DLL
0x16b80000 - 0x16d06000 	C:\Users\OSORIO\AppData\Local\Temp\BioMiniLib\UFScanner.dll
0x75bf0000 - 0x75d8d000 	C:\Windows\syswow64\SETUPAPI.dll
0x76480000 - 0x764a7000 	C:\Windows\syswow64\CFGMGR32.dll
0x76270000 - 0x76282000 	C:\Windows\syswow64\DEVOBJ.dll
0x70820000 - 0x70829000 	C:\Windows\system32\HID.DLL
0x61310000 - 0x6142c000 	C:\Windows\system32\MFC42.DLL
0x74090000 - 0x7411c000 	C:\Windows\system32\ODBC32.dll
0x72550000 - 0x725a1000 	C:\Windows\system32\WINSPOOL.DRV
0x74050000 - 0x74088000 	C:\Windows\system32\odbcint.dll
0x15610000 - 0x15647000 	C:\Users\OSORIO\AppData\Local\Temp\BioMiniLib\UFMatcher.dll
0x759e0000 - 0x75a0f000 	C:\Windows\syswow64\WINTRUST.dll
0x75a10000 - 0x75b31000 	C:\Windows\syswow64\CRYPT32.dll
0x755b0000 - 0x755bc000 	C:\Windows\syswow64\MSASN1.dll
0x707f0000 - 0x70814000 	C:\Program Files (x86)\Java\jdk1.8.0_91\jre\bin\dcpr.dll
0x72ce0000 - 0x72dcb000 	C:\Windows\system32\dbghelp.dll

VM Arguments:
jvm_args: -Dfile.encoding=UTF-8 
java_command: GUI.Checador
java_class_path (initial): C:\Users\OSORIO\Documents\NetBeansProjects\Checador\postgresql-9.4.1208.jre6.jar;C:\Users\OSORIO\Documents\NetBeansProjects\Checador\jna.jar;C:\Users\OSORIO\Documents\NetBeansProjects\Checador\joda-time-2.9.4.jar;C:\Users\OSORIO\Documents\NetBeansProjects\Checador\joda-time-2.9.4-javadoc.jar;C:\Program Files\NetBeans 8.1\java\modules\ext\AbsoluteLayout.jar;C:\Users\OSORIO\Documents\NetBeansProjects\Checador\build\classes
Launcher Type: SUN_STANDARD

Environment Variables:
PATH=C:\ProgramData\Oracle\Java\javapath;C:\Windows\system32;C:\Windows;C:\Windows\System32\Wbem;C:\Windows\System32\WindowsPowerShell\v1.0\;C:\xampp\php;C:\ProgramData\ComposerSetup\bin;C:\Program Files (x86)\Suprema\UFE35\bin;C:\Program Files (x86)\pgmodeler;C:\Program Files (x86)\Suprema\UFE35\bin;C:\Program Files\Git\cmd;C:\Users\OSORIO\AppData\Roaming\Composer\vendor\bin;C:\Program Files\Java\jdk1.8.0_91\bin;C:\Program Files (x86)\SSH Communications Security\SSH Secure Shell;C:\Program Files (x86)\Suprema\UFE35\bin;C:\Users\OSORIO\AppData\Local\atom\bin
USERNAME=OSORIO
OS=Windows_NT
PROCESSOR_IDENTIFIER=Intel64 Family 6 Model 58 Stepping 9, GenuineIntel



---------------  S Y S T E M  ---------------

OS: Windows 7 , 64 bit Build 7601 (6.1.7601.23418)

CPU:total 4 (2 cores per cpu, 2 threads per core) family 6 model 58 stepping 9, cmov, cx8, fxsr, mmx, sse, sse2, sse3, ssse3, sse4.1, sse4.2, popcnt, avx, clmul, erms, ht, tsc, tscinvbit, tscinv

Memory: 4k page, physical 8279396k(2430000k free), swap 16556932k(10695888k free)

vm_info: Java HotSpot(TM) Client VM (25.91-b15) for windows-x86 JRE (1.8.0_91-b15), built on May 20 2016 17:33:18 by "java_re" with MS VC++ 10.0 (VS2010)

time: Tue Dec 06 11:59:56 2016
elapsed time: 4 seconds (0d 0h 0m 4s)

